Command '@reboot' not found, did you mean:
  command 'reboot' from deb systemd-sysv (249.11-0ubuntu3.12)
  command 'reboot' from deb finit-sysv (4.2-1)
  command 'reboot' from deb molly-guard (0.7.2)
Try: sudo apt install <deb name>
Mon Feb 17 04:48:10 2025, Temperature: 24.1°C, Humidity: 55.3%
Mon Feb 17 04:48:15 2025, Temperature: 22.4°C, Humidity: 48.3%
Mon Feb 17 04:48:20 2025, Temperature: 19.7°C, Humidity: 58.2%
Mon Feb 17 04:48:25 2025, Temperature: 21.9°C, Humidity: 54.4%
Mon Feb 17 04:48:30 2025, Temperature: 19.3°C, Humidity: 45.8%
Mon Feb 17 04:49:14 2025, Temperature: 19.9°C, Humidity: 54.4%
Mon Feb 17 04:49:19 2025, Temperature: 24.8°C, Humidity: 58.7%
Mon Feb 17 04:49:24 2025, Temperature: 24.0°C, Humidity: 56.7%
Mon Feb 17 04:49:29 2025, Temperature: 21.6°C, Humidity: 40.6%
Mon Feb 17 04:49:34 2025, Temperature: 21.3°C, Humidity: 50.3%
Mon Feb 17 04:49:39 2025, Temperature: 18.3°C, Humidity: 59.1%
Mon Feb 17 04:49:44 2025, Temperature: 23.8°C, Humidity: 44.7%
Mon Feb 17 04:49:49 2025, Temperature: 18.7°C, Humidity: 53.2%
Mon Feb 17 04:49:54 2025, Temperature: 23.7°C, Humidity: 44.1%
Mon Feb 17 04:49:59 2025, Temperature: 22.1°C, Humidity: 42.6%
Mon Feb 17 04:50:04 2025, Temperature: 20.9°C, Humidity: 54.7%
Mon Feb 17 04:50:09 2025, Temperature: 15.3°C, Humidity: 41.1%
Mon Feb 17 04:50:14 2025, Temperature: 16.1°C, Humidity: 59.4%
Mon Feb 17 04:50:19 2025, Temperature: 18.5°C, Humidity: 59.6%
Mon Feb 17 04:50:24 2025, Temperature: 23.5°C, Humidity: 51.7%
Mon Feb 17 04:50:29 2025, Temperature: 22.2°C, Humidity: 58.6%
Mon Feb 17 04:50:34 2025, Temperature: 20.5°C, Humidity: 47.0%
Mon Feb 17 04:50:39 2025, Temperature: 21.3°C, Humidity: 55.0%
Mon Feb 17 04:50:44 2025, Temperature: 23.0°C, Humidity: 43.9%
Mon Feb 17 04:50:49 2025, Temperature: 22.0°C, Humidity: 55.7%
Mon Feb 17 04:50:54 2025, Temperature: 24.2°C, Humidity: 56.5%
Mon Feb 17 04:50:59 2025, Temperature: 16.7°C, Humidity: 49.3%
Mon Feb 17 04:51:04 2025, Temperature: 24.9°C, Humidity: 48.0%
Mon Feb 17 04:51:09 2025, Temperature: 18.6°C, Humidity: 54.3%
Mon Feb 17 04:51:14 2025, Temperature: 24.9°C, Humidity: 43.6%
Mon Feb 17 04:51:19 2025, Temperature: 23.4°C, Humidity: 43.4%
Mon Feb 17 04:51:24 2025, Temperature: 22.9°C, Humidity: 56.3%
Mon Feb 17 04:51:29 2025, Temperature: 22.7°C, Humidity: 55.0%
Mon Feb 17 04:51:34 2025, Temperature: 23.9°C, Humidity: 49.2%
Mon Feb 17 04:51:39 2025, Temperature: 22.5°C, Humidity: 45.1%
Mon Feb 17 04:51:44 2025, Temperature: 23.7°C, Humidity: 49.9%
Mon Feb 17 04:51:49 2025, Temperature: 23.6°C, Humidity: 58.2%
Mon Feb 17 04:51:54 2025, Temperature: 17.3°C, Humidity: 59.9%
Mon Feb 17 04:51:59 2025, Temperature: 20.6°C, Humidity: 58.8%
Mon Feb 17 04:52:04 2025, Temperature: 24.0°C, Humidity: 52.1%
Mon Feb 17 04:52:09 2025, Temperature: 23.6°C, Humidity: 59.2%
Mon Feb 17 04:52:14 2025, Temperature: 18.3°C, Humidity: 44.4%
Mon Feb 17 04:52:19 2025, Temperature: 19.7°C, Humidity: 47.2%
Mon Feb 17 04:52:24 2025, Temperature: 20.7°C, Humidity: 49.0%
Mon Feb 17 04:52:29 2025, Temperature: 15.9°C, Humidity: 54.5%
Mon Feb 17 04:52:34 2025, Temperature: 24.7°C, Humidity: 53.0%
Mon Feb 17 04:52:39 2025, Temperature: 22.5°C, Humidity: 54.4%
Mon Feb 17 04:52:44 2025, Temperature: 24.3°C, Humidity: 49.3%
Mon Feb 17 04:52:49 2025, Temperature: 24.0°C, Humidity: 43.7%
Mon Feb 17 04:52:54 2025, Temperature: 23.4°C, Humidity: 58.5%
Mon Feb 17 04:52:59 2025, Temperature: 24.4°C, Humidity: 56.9%
Mon Feb 17 04:53:04 2025, Temperature: 23.2°C, Humidity: 48.5%
Mon Feb 17 04:53:09 2025, Temperature: 21.1°C, Humidity: 55.9%
Mon Feb 17 04:53:14 2025, Temperature: 25.0°C, Humidity: 55.9%
Mon Feb 17 04:53:19 2025, Temperature: 20.9°C, Humidity: 48.6%
Mon Feb 17 04:53:24 2025, Temperature: 23.8°C, Humidity: 42.5%
Mon Feb 17 04:53:29 2025, Temperature: 23.5°C, Humidity: 49.8%
Mon Feb 17 04:53:34 2025, Temperature: 23.6°C, Humidity: 45.8%
Mon Feb 17 04:53:39 2025, Temperature: 24.2°C, Humidity: 57.6%
Mon Feb 17 04:53:44 2025, Temperature: 20.5°C, Humidity: 48.4%
Mon Feb 17 04:53:49 2025, Temperature: 20.9°C, Humidity: 40.1%
Mon Feb 17 04:53:54 2025, Temperature: 21.4°C, Humidity: 43.4%
Mon Feb 17 04:53:59 2025, Temperature: 15.5°C, Humidity: 48.7%
Mon Feb 17 04:54:04 2025, Temperature: 24.5°C, Humidity: 59.5%
Mon Feb 17 04:54:09 2025, Temperature: 17.7°C, Humidity: 50.4%
Mon Feb 17 04:54:14 2025, Temperature: 15.2°C, Humidity: 42.7%
Mon Feb 17 04:54:19 2025, Temperature: 20.6°C, Humidity: 42.7%
Mon Feb 17 04:54:24 2025, Temperature: 19.9°C, Humidity: 49.2%
Mon Feb 17 04:54:29 2025, Temperature: 24.6°C, Humidity: 47.0%
Mon Feb 17 04:54:34 2025, Temperature: 16.8°C, Humidity: 54.1%
Mon Feb 17 04:54:39 2025, Temperature: 22.2°C, Humidity: 49.9%
Mon Feb 17 04:54:44 2025, Temperature: 18.2°C, Humidity: 47.3%
Mon Feb 17 04:54:49 2025, Temperature: 20.9°C, Humidity: 42.4%
Mon Feb 17 04:54:54 2025, Temperature: 23.2°C, Humidity: 54.2%
Mon Feb 17 04:54:59 2025, Temperature: 17.9°C, Humidity: 59.0%
Mon Feb 17 04:55:04 2025, Temperature: 15.1°C, Humidity: 40.2%
Mon Feb 17 04:55:09 2025, Temperature: 24.0°C, Humidity: 49.1%
Mon Feb 17 04:55:14 2025, Temperature: 15.8°C, Humidity: 41.5%
Mon Feb 17 04:55:19 2025, Temperature: 17.8°C, Humidity: 43.7%
Mon Feb 17 04:55:24 2025, Temperature: 20.3°C, Humidity: 57.9%
Mon Feb 17 04:55:29 2025, Temperature: 23.2°C, Humidity: 50.7%
Mon Feb 17 04:55:34 2025, Temperature: 17.4°C, Humidity: 57.0%
Mon Feb 17 04:55:39 2025, Temperature: 22.4°C, Humidity: 51.8%
Mon Feb 17 04:55:44 2025, Temperature: 19.2°C, Humidity: 50.5%
Mon Feb 17 04:55:49 2025, Temperature: 24.0°C, Humidity: 57.7%
Mon Feb 17 04:55:54 2025, Temperature: 24.1°C, Humidity: 45.1%
Mon Feb 17 04:55:59 2025, Temperature: 18.1°C, Humidity: 47.1%
Mon Feb 17 04:56:04 2025, Temperature: 18.8°C, Humidity: 58.5%
Mon Feb 17 04:56:09 2025, Temperature: 17.2°C, Humidity: 58.5%
Mon Feb 17 04:56:14 2025, Temperature: 19.6°C, Humidity: 53.4%
Mon Feb 17 04:56:19 2025, Temperature: 16.6°C, Humidity: 43.6%
Mon Feb 17 04:56:24 2025, Temperature: 19.4°C, Humidity: 59.7%
Mon Feb 17 04:56:29 2025, Temperature: 19.1°C, Humidity: 42.8%
Mon Feb 17 04:56:34 2025, Temperature: 20.7°C, Humidity: 51.7%
Mon Feb 17 04:56:39 2025, Temperature: 22.4°C, Humidity: 48.7%
Mon Feb 17 04:56:44 2025, Temperature: 23.5°C, Humidity: 58.6%
Mon Feb 17 04:56:49 2025, Temperature: 15.2°C, Humidity: 47.8%
Mon Feb 17 04:56:54 2025, Temperature: 20.8°C, Humidity: 56.1%
Mon Feb 17 04:56:59 2025, Temperature: 15.7°C, Humidity: 43.8%
Mon Feb 17 04:57:04 2025, Temperature: 17.6°C, Humidity: 44.6%
Mon Feb 17 04:57:09 2025, Temperature: 17.3°C, Humidity: 40.3%
Mon Feb 17 04:57:14 2025, Temperature: 23.8°C, Humidity: 44.9%
Mon Feb 17 04:57:19 2025, Temperature: 18.3°C, Humidity: 44.9%
Mon Feb 17 04:57:24 2025, Temperature: 21.0°C, Humidity: 41.4%
Mon Feb 17 04:57:29 2025, Temperature: 24.9°C, Humidity: 51.0%
Mon Feb 17 04:57:34 2025, Temperature: 17.8°C, Humidity: 40.3%
Mon Feb 17 04:57:39 2025, Temperature: 24.2°C, Humidity: 41.0%
Mon Feb 17 04:57:44 2025, Temperature: 20.5°C, Humidity: 42.3%
Mon Feb 17 04:57:49 2025, Temperature: 23.6°C, Humidity: 55.2%
Mon Feb 17 04:57:54 2025, Temperature: 18.1°C, Humidity: 49.8%
Mon Feb 17 04:57:59 2025, Temperature: 21.6°C, Humidity: 54.3%
Mon Feb 17 04:58:04 2025, Temperature: 18.9°C, Humidity: 55.6%
Mon Feb 17 04:58:09 2025, Temperature: 23.9°C, Humidity: 50.5%
Mon Feb 17 04:58:15 2025, Temperature: 20.7°C, Humidity: 47.1%
Mon Feb 17 04:58:22 2025, Temperature: 24.9°C, Humidity: 55.8%
Mon Feb 17 04:58:27 2025, Temperature: 21.1°C, Humidity: 49.9%
Mon Feb 17 04:58:32 2025, Temperature: 17.6°C, Humidity: 41.1%
Mon Feb 17 04:58:37 2025, Temperature: 16.9°C, Humidity: 47.1%
Mon Feb 17 04:58:42 2025, Temperature: 21.7°C, Humidity: 45.6%
Mon Feb 17 04:58:47 2025, Temperature: 18.3°C, Humidity: 50.0%
Mon Feb 17 04:58:52 2025, Temperature: 18.1°C, Humidity: 46.5%
Mon Feb 17 04:58:57 2025, Temperature: 16.4°C, Humidity: 41.3%
Mon Feb 17 04:59:02 2025, Temperature: 19.2°C, Humidity: 50.4%
Mon Feb 17 04:59:07 2025, Temperature: 21.3°C, Humidity: 54.4%
Mon Feb 17 04:59:12 2025, Temperature: 20.1°C, Humidity: 43.1%
Mon Feb 17 04:59:17 2025, Temperature: 19.1°C, Humidity: 43.5%
Mon Feb 17 04:59:22 2025, Temperature: 20.7°C, Humidity: 48.6%
Mon Feb 17 04:59:27 2025, Temperature: 15.3°C, Humidity: 50.0%
Mon Feb 17 04:59:32 2025, Temperature: 22.8°C, Humidity: 58.0%
Mon Feb 17 04:59:37 2025, Temperature: 16.6°C, Humidity: 59.5%
Mon Feb 17 04:59:42 2025, Temperature: 24.8°C, Humidity: 42.9%
Mon Feb 17 04:59:47 2025, Temperature: 22.5°C, Humidity: 51.0%
Mon Feb 17 04:59:52 2025, Temperature: 21.1°C, Humidity: 56.0%
Mon Feb 17 04:59:57 2025, Temperature: 21.5°C, Humidity: 54.2%
Mon Feb 17 05:00:02 2025, Temperature: 20.7°C, Humidity: 54.8%
Mon Feb 17 05:00:07 2025, Temperature: 16.3°C, Humidity: 50.4%
Mon Feb 17 05:00:12 2025, Temperature: 15.2°C, Humidity: 41.7%
Mon Feb 17 05:00:17 2025, Temperature: 24.2°C, Humidity: 50.8%
Mon Feb 17 05:00:22 2025, Temperature: 22.9°C, Humidity: 46.9%
Mon Feb 17 05:00:27 2025, Temperature: 21.6°C, Humidity: 52.5%
Mon Feb 17 05:00:32 2025, Temperature: 23.3°C, Humidity: 44.5%
Mon Feb 17 05:00:37 2025, Temperature: 21.7°C, Humidity: 47.2%
Mon Feb 17 05:00:42 2025, Temperature: 15.3°C, Humidity: 55.2%
Mon Feb 17 05:00:47 2025, Temperature: 21.0°C, Humidity: 41.3%
Mon Feb 17 05:00:52 2025, Temperature: 16.8°C, Humidity: 51.7%
Mon Feb 17 05:00:57 2025, Temperature: 21.6°C, Humidity: 57.5%
Mon Feb 17 05:01:02 2025, Temperature: 21.8°C, Humidity: 54.0%
Mon Feb 17 05:01:07 2025, Temperature: 17.7°C, Humidity: 48.2%
Mon Feb 17 05:01:12 2025, Temperature: 22.5°C, Humidity: 57.0%
Mon Feb 17 05:01:17 2025, Temperature: 17.5°C, Humidity: 55.6%
Mon Feb 17 05:01:22 2025, Temperature: 17.6°C, Humidity: 57.9%
Mon Feb 17 05:01:27 2025, Temperature: 19.3°C, Humidity: 52.0%
Mon Feb 17 05:01:32 2025, Temperature: 17.7°C, Humidity: 54.6%
Mon Feb 17 05:01:37 2025, Temperature: 20.3°C, Humidity: 57.1%
Mon Feb 17 05:01:42 2025, Temperature: 22.6°C, Humidity: 43.8%
Mon Feb 17 05:01:47 2025, Temperature: 19.2°C, Humidity: 53.2%
Mon Feb 17 05:01:52 2025, Temperature: 19.1°C, Humidity: 52.9%
Mon Feb 17 05:01:57 2025, Temperature: 24.6°C, Humidity: 50.9%
Mon Feb 17 05:02:02 2025, Temperature: 18.6°C, Humidity: 56.7%
Mon Feb 17 05:02:07 2025, Temperature: 24.4°C, Humidity: 56.4%
Mon Feb 17 05:02:12 2025, Temperature: 19.6°C, Humidity: 43.0%
Mon Feb 17 05:02:17 2025, Temperature: 19.2°C, Humidity: 43.7%
Mon Feb 17 05:02:22 2025, Temperature: 24.4°C, Humidity: 48.0%
Mon Feb 17 05:02:27 2025, Temperature: 17.9°C, Humidity: 47.6%
Mon Feb 17 05:02:32 2025, Temperature: 17.9°C, Humidity: 60.0%
Mon Feb 17 05:02:37 2025, Temperature: 20.3°C, Humidity: 56.0%
Mon Feb 17 05:02:42 2025, Temperature: 19.1°C, Humidity: 49.1%
Mon Feb 17 05:02:47 2025, Temperature: 17.6°C, Humidity: 43.5%
Mon Feb 17 05:02:52 2025, Temperature: 18.7°C, Humidity: 41.2%
Mon Feb 17 05:02:57 2025, Temperature: 21.2°C, Humidity: 48.6%
Mon Feb 17 05:03:02 2025, Temperature: 22.4°C, Humidity: 59.5%
Mon Feb 17 05:03:07 2025, Temperature: 20.0°C, Humidity: 59.5%
Mon Feb 17 05:03:12 2025, Temperature: 18.3°C, Humidity: 48.2%
Mon Feb 17 05:03:17 2025, Temperature: 17.7°C, Humidity: 55.9%
Mon Feb 17 05:03:22 2025, Temperature: 15.6°C, Humidity: 41.7%
Mon Feb 17 05:03:27 2025, Temperature: 16.0°C, Humidity: 45.6%
Mon Feb 17 05:03:32 2025, Temperature: 23.2°C, Humidity: 45.9%
Mon Feb 17 05:03:37 2025, Temperature: 22.4°C, Humidity: 49.3%
Mon Feb 17 05:03:42 2025, Temperature: 23.9°C, Humidity: 59.9%
Mon Feb 17 05:03:47 2025, Temperature: 16.6°C, Humidity: 57.2%
Mon Feb 17 05:03:52 2025, Temperature: 18.2°C, Humidity: 58.6%
Mon Feb 17 05:03:57 2025, Temperature: 20.0°C, Humidity: 40.5%
Mon Feb 17 05:04:02 2025, Temperature: 16.8°C, Humidity: 59.2%
Mon Feb 17 05:04:07 2025, Temperature: 18.1°C, Humidity: 49.1%
Mon Feb 17 05:04:12 2025, Temperature: 18.7°C, Humidity: 57.7%
Mon Feb 17 05:04:17 2025, Temperature: 19.6°C, Humidity: 48.8%
Mon Feb 17 05:04:22 2025, Temperature: 21.2°C, Humidity: 57.6%
Mon Feb 17 05:04:27 2025, Temperature: 15.4°C, Humidity: 58.8%
Mon Feb 17 05:04:32 2025, Temperature: 20.6°C, Humidity: 48.0%
Mon Feb 17 05:04:37 2025, Temperature: 24.1°C, Humidity: 56.0%
Mon Feb 17 05:04:42 2025, Temperature: 17.4°C, Humidity: 50.7%
Mon Feb 17 05:04:47 2025, Temperature: 23.5°C, Humidity: 52.0%
Mon Feb 17 05:04:52 2025, Temperature: 20.9°C, Humidity: 52.5%
Mon Feb 17 05:04:57 2025, Temperature: 15.1°C, Humidity: 41.5%
Mon Feb 17 05:05:02 2025, Temperature: 19.5°C, Humidity: 47.9%
Mon Feb 17 05:05:07 2025, Temperature: 23.3°C, Humidity: 45.6%
Mon Feb 17 05:05:12 2025, Temperature: 15.5°C, Humidity: 43.8%
Mon Feb 17 05:05:17 2025, Temperature: 16.5°C, Humidity: 48.8%
Mon Feb 17 05:05:22 2025, Temperature: 23.8°C, Humidity: 57.3%
Mon Feb 17 05:05:27 2025, Temperature: 15.7°C, Humidity: 44.6%
Mon Feb 17 05:05:32 2025, Temperature: 22.3°C, Humidity: 51.5%
Mon Feb 17 05:05:37 2025, Temperature: 19.2°C, Humidity: 41.7%
Mon Feb 17 05:05:42 2025, Temperature: 22.4°C, Humidity: 41.0%
Mon Feb 17 05:05:47 2025, Temperature: 16.3°C, Humidity: 46.9%
Mon Feb 17 05:05:53 2025, Temperature: 19.7°C, Humidity: 40.3%
Mon Feb 17 05:05:58 2025, Temperature: 24.1°C, Humidity: 46.0%
Mon Feb 17 05:06:03 2025, Temperature: 20.8°C, Humidity: 44.4%
Mon Feb 17 05:06:08 2025, Temperature: 19.6°C, Humidity: 43.7%
Mon Feb 17 05:06:13 2025, Temperature: 22.8°C, Humidity: 47.1%
Mon Feb 17 05:06:18 2025, Temperature: 24.1°C, Humidity: 56.1%
Mon Feb 17 05:06:23 2025, Temperature: 21.7°C, Humidity: 48.1%
Mon Feb 17 05:06:28 2025, Temperature: 15.3°C, Humidity: 56.3%
Mon Feb 17 05:06:33 2025, Temperature: 24.4°C, Humidity: 43.3%
Mon Feb 17 05:06:38 2025, Temperature: 19.5°C, Humidity: 43.2%
Mon Feb 17 05:06:43 2025, Temperature: 15.5°C, Humidity: 59.4%
Mon Feb 17 05:06:48 2025, Temperature: 15.3°C, Humidity: 48.4%
Mon Feb 17 05:06:53 2025, Temperature: 19.2°C, Humidity: 44.4%
Mon Feb 17 05:06:58 2025, Temperature: 22.4°C, Humidity: 51.3%
Mon Feb 17 05:07:03 2025, Temperature: 20.3°C, Humidity: 43.7%
Mon Feb 17 05:07:08 2025, Temperature: 23.1°C, Humidity: 53.4%
Mon Feb 17 05:07:13 2025, Temperature: 22.8°C, Humidity: 51.6%
Mon Feb 17 05:07:18 2025, Temperature: 22.8°C, Humidity: 51.3%
Mon Feb 17 05:07:23 2025, Temperature: 17.1°C, Humidity: 52.3%
Mon Feb 17 05:07:28 2025, Temperature: 17.9°C, Humidity: 51.8%
Mon Feb 17 05:07:33 2025, Temperature: 15.0°C, Humidity: 40.8%
Mon Feb 17 05:07:38 2025, Temperature: 21.9°C, Humidity: 51.7%
Mon Feb 17 05:07:43 2025, Temperature: 19.5°C, Humidity: 45.8%
Mon Feb 17 05:07:48 2025, Temperature: 18.0°C, Humidity: 49.3%
Mon Feb 17 05:07:53 2025, Temperature: 21.9°C, Humidity: 50.6%
Mon Feb 17 05:07:58 2025, Temperature: 23.4°C, Humidity: 58.5%
Mon Feb 17 05:08:03 2025, Temperature: 16.9°C, Humidity: 51.7%
Mon Feb 17 05:08:08 2025, Temperature: 17.4°C, Humidity: 48.3%
Mon Feb 17 05:08:13 2025, Temperature: 21.7°C, Humidity: 51.3%
Mon Feb 17 05:08:18 2025, Temperature: 17.4°C, Humidity: 50.4%
Mon Feb 17 05:08:23 2025, Temperature: 22.1°C, Humidity: 46.5%
Mon Feb 17 05:08:28 2025, Temperature: 17.1°C, Humidity: 49.4%
Mon Feb 17 05:08:33 2025, Temperature: 18.9°C, Humidity: 45.0%
Mon Feb 17 05:08:38 2025, Temperature: 18.2°C, Humidity: 47.5%
Mon Feb 17 05:08:43 2025, Temperature: 17.4°C, Humidity: 41.8%
Mon Feb 17 05:08:48 2025, Temperature: 21.1°C, Humidity: 56.5%
Mon Feb 17 05:08:53 2025, Temperature: 23.1°C, Humidity: 52.1%
Mon Feb 17 05:08:58 2025, Temperature: 22.4°C, Humidity: 55.3%
Mon Feb 17 05:09:03 2025, Temperature: 23.9°C, Humidity: 48.7%
Mon Feb 17 05:09:08 2025, Temperature: 17.9°C, Humidity: 55.8%
Mon Feb 17 05:09:13 2025, Temperature: 21.5°C, Humidity: 47.4%
Mon Feb 17 05:09:18 2025, Temperature: 21.6°C, Humidity: 47.9%
Mon Feb 17 05:09:23 2025, Temperature: 20.4°C, Humidity: 40.6%
Mon Feb 17 05:09:28 2025, Temperature: 16.8°C, Humidity: 53.2%
Mon Feb 17 05:09:33 2025, Temperature: 20.9°C, Humidity: 44.0%
Mon Feb 17 05:09:38 2025, Temperature: 21.5°C, Humidity: 40.9%
Mon Feb 17 05:09:43 2025, Temperature: 24.1°C, Humidity: 48.4%
Mon Feb 17 05:09:48 2025, Temperature: 24.6°C, Humidity: 41.3%
Mon Feb 17 05:09:53 2025, Temperature: 21.7°C, Humidity: 48.5%
Mon Feb 17 05:09:58 2025, Temperature: 24.7°C, Humidity: 44.7%
Mon Feb 17 05:10:03 2025, Temperature: 21.4°C, Humidity: 56.5%
Mon Feb 17 05:10:08 2025, Temperature: 23.2°C, Humidity: 42.8%
Mon Feb 17 05:10:13 2025, Temperature: 19.1°C, Humidity: 43.1%
Mon Feb 17 05:10:18 2025, Temperature: 19.8°C, Humidity: 57.9%
Mon Feb 17 05:10:23 2025, Temperature: 22.4°C, Humidity: 53.9%
Mon Feb 17 05:10:28 2025, Temperature: 24.5°C, Humidity: 55.2%
Mon Feb 17 05:10:33 2025, Temperature: 24.1°C, Humidity: 44.7%
Mon Feb 17 05:10:38 2025, Temperature: 24.5°C, Humidity: 49.6%
Mon Feb 17 05:10:43 2025, Temperature: 25.0°C, Humidity: 58.7%
Mon Feb 17 05:10:48 2025, Temperature: 17.5°C, Humidity: 50.5%
Mon Feb 17 05:10:53 2025, Temperature: 23.3°C, Humidity: 45.1%
Mon Feb 17 05:10:58 2025, Temperature: 17.2°C, Humidity: 59.4%
Mon Feb 17 05:11:03 2025, Temperature: 17.3°C, Humidity: 56.7%
Mon Feb 17 05:11:08 2025, Temperature: 24.6°C, Humidity: 55.5%
Mon Feb 17 05:11:13 2025, Temperature: 19.4°C, Humidity: 44.5%
Mon Feb 17 05:11:18 2025, Temperature: 22.3°C, Humidity: 42.2%
Mon Feb 17 05:11:23 2025, Temperature: 19.3°C, Humidity: 43.2%
Mon Feb 17 05:11:28 2025, Temperature: 16.4°C, Humidity: 41.8%
Mon Feb 17 05:11:33 2025, Temperature: 21.6°C, Humidity: 56.9%
Mon Feb 17 05:11:38 2025, Temperature: 19.1°C, Humidity: 58.7%
Mon Feb 17 05:11:43 2025, Temperature: 22.3°C, Humidity: 42.5%
Mon Feb 17 05:11:48 2025, Temperature: 15.7°C, Humidity: 41.9%
Mon Feb 17 05:11:53 2025, Temperature: 17.1°C, Humidity: 50.6%
Mon Feb 17 05:11:58 2025, Temperature: 23.5°C, Humidity: 40.2%
Mon Feb 17 05:12:03 2025, Temperature: 24.4°C, Humidity: 58.6%
Mon Feb 17 05:12:08 2025, Temperature: 18.7°C, Humidity: 59.2%
Mon Feb 17 05:12:13 2025, Temperature: 19.0°C, Humidity: 55.3%
Mon Feb 17 05:12:18 2025, Temperature: 18.7°C, Humidity: 55.7%
Mon Feb 17 05:12:23 2025, Temperature: 22.0°C, Humidity: 54.1%
Mon Feb 17 05:12:28 2025, Temperature: 15.4°C, Humidity: 40.7%
Mon Feb 17 05:12:33 2025, Temperature: 16.0°C, Humidity: 53.1%
Mon Feb 17 05:12:38 2025, Temperature: 16.5°C, Humidity: 58.0%
Mon Feb 17 05:12:43 2025, Temperature: 23.8°C, Humidity: 43.4%
Mon Feb 17 05:12:48 2025, Temperature: 22.5°C, Humidity: 55.3%
Mon Feb 17 05:12:53 2025, Temperature: 21.0°C, Humidity: 53.0%
Mon Feb 17 05:12:58 2025, Temperature: 24.3°C, Humidity: 52.0%
Mon Feb 17 05:13:03 2025, Temperature: 23.1°C, Humidity: 49.2%
Mon Feb 17 05:13:08 2025, Temperature: 18.6°C, Humidity: 56.5%
Mon Feb 17 05:13:13 2025, Temperature: 18.7°C, Humidity: 57.3%
Mon Feb 17 05:13:18 2025, Temperature: 20.1°C, Humidity: 55.4%
Mon Feb 17 05:13:23 2025, Temperature: 16.8°C, Humidity: 57.7%
Mon Feb 17 05:13:28 2025, Temperature: 15.3°C, Humidity: 40.4%
Mon Feb 17 05:13:33 2025, Temperature: 21.4°C, Humidity: 40.2%
Mon Feb 17 05:13:38 2025, Temperature: 16.7°C, Humidity: 51.7%
Mon Feb 17 05:13:43 2025, Temperature: 22.8°C, Humidity: 42.7%
Mon Feb 17 05:13:48 2025, Temperature: 22.9°C, Humidity: 48.2%
Mon Feb 17 05:13:53 2025, Temperature: 16.2°C, Humidity: 59.0%
Mon Feb 17 05:13:58 2025, Temperature: 21.3°C, Humidity: 50.3%
Mon Feb 17 05:14:03 2025, Temperature: 21.7°C, Humidity: 46.6%
Mon Feb 17 05:14:08 2025, Temperature: 18.8°C, Humidity: 52.8%
Mon Feb 17 05:14:13 2025, Temperature: 16.5°C, Humidity: 58.5%
Mon Feb 17 05:14:18 2025, Temperature: 16.5°C, Humidity: 45.7%
Mon Feb 17 05:14:23 2025, Temperature: 19.4°C, Humidity: 49.8%
Mon Feb 17 05:14:28 2025, Temperature: 15.2°C, Humidity: 54.0%
Mon Feb 17 05:14:33 2025, Temperature: 22.8°C, Humidity: 47.9%
Mon Feb 17 05:14:38 2025, Temperature: 18.6°C, Humidity: 50.1%
Mon Feb 17 05:14:43 2025, Temperature: 20.2°C, Humidity: 48.1%
Mon Feb 17 05:14:48 2025, Temperature: 22.2°C, Humidity: 49.3%
Mon Feb 17 05:14:53 2025, Temperature: 23.8°C, Humidity: 48.8%
Mon Feb 17 05:14:58 2025, Temperature: 22.0°C, Humidity: 47.4%
Mon Feb 17 05:15:03 2025, Temperature: 17.0°C, Humidity: 57.4%
Mon Feb 17 05:15:08 2025, Temperature: 19.7°C, Humidity: 57.4%
Mon Feb 17 05:15:13 2025, Temperature: 22.4°C, Humidity: 43.4%
Mon Feb 17 05:15:18 2025, Temperature: 18.1°C, Humidity: 59.8%
Mon Feb 17 05:15:23 2025, Temperature: 19.1°C, Humidity: 48.9%
Mon Feb 17 05:15:28 2025, Temperature: 15.1°C, Humidity: 40.8%
Mon Feb 17 05:15:33 2025, Temperature: 24.2°C, Humidity: 43.7%
Mon Feb 17 05:15:38 2025, Temperature: 20.5°C, Humidity: 57.6%
Mon Feb 17 05:15:43 2025, Temperature: 24.7°C, Humidity: 45.7%
Mon Feb 17 05:15:48 2025, Temperature: 17.6°C, Humidity: 49.8%
Mon Feb 17 05:15:53 2025, Temperature: 23.6°C, Humidity: 51.2%
Mon Feb 17 05:15:58 2025, Temperature: 20.1°C, Humidity: 50.3%
Mon Feb 17 05:16:03 2025, Temperature: 17.1°C, Humidity: 51.9%
Mon Feb 17 05:16:08 2025, Temperature: 21.8°C, Humidity: 54.6%
Mon Feb 17 05:16:13 2025, Temperature: 23.3°C, Humidity: 56.1%
Mon Feb 17 05:16:18 2025, Temperature: 19.3°C, Humidity: 52.2%
Mon Feb 17 05:16:23 2025, Temperature: 18.1°C, Humidity: 44.8%
Mon Feb 17 05:16:28 2025, Temperature: 18.4°C, Humidity: 47.1%
Mon Feb 17 05:16:33 2025, Temperature: 20.4°C, Humidity: 42.8%
Mon Feb 17 05:16:38 2025, Temperature: 23.0°C, Humidity: 44.1%
Mon Feb 17 05:16:43 2025, Temperature: 21.3°C, Humidity: 46.0%
Mon Feb 17 05:16:48 2025, Temperature: 24.7°C, Humidity: 60.0%
Mon Feb 17 05:16:53 2025, Temperature: 17.3°C, Humidity: 50.8%
Mon Feb 17 05:16:58 2025, Temperature: 19.3°C, Humidity: 55.4%
Mon Feb 17 05:17:03 2025, Temperature: 23.7°C, Humidity: 51.8%
Mon Feb 17 05:17:08 2025, Temperature: 18.6°C, Humidity: 53.6%
Mon Feb 17 05:17:13 2025, Temperature: 18.2°C, Humidity: 44.0%
Mon Feb 17 05:17:18 2025, Temperature: 22.7°C, Humidity: 48.9%
Mon Feb 17 05:17:23 2025, Temperature: 17.8°C, Humidity: 47.5%
Mon Feb 17 05:17:28 2025, Temperature: 16.5°C, Humidity: 50.6%
Mon Feb 17 05:17:33 2025, Temperature: 20.5°C, Humidity: 58.6%
Mon Feb 17 05:17:38 2025, Temperature: 16.5°C, Humidity: 41.1%
Mon Feb 17 05:17:43 2025, Temperature: 19.1°C, Humidity: 55.9%
Mon Feb 17 05:17:48 2025, Temperature: 22.6°C, Humidity: 41.4%
Mon Feb 17 05:17:53 2025, Temperature: 16.3°C, Humidity: 55.1%
Mon Feb 17 05:17:58 2025, Temperature: 18.1°C, Humidity: 51.9%
Mon Feb 17 05:18:03 2025, Temperature: 16.2°C, Humidity: 45.9%
Mon Feb 17 05:18:08 2025, Temperature: 21.3°C, Humidity: 47.1%
Mon Feb 17 05:18:13 2025, Temperature: 21.7°C, Humidity: 59.9%
Mon Feb 17 05:18:18 2025, Temperature: 22.6°C, Humidity: 48.6%
Mon Feb 17 05:18:23 2025, Temperature: 24.4°C, Humidity: 59.2%
Mon Feb 17 05:18:28 2025, Temperature: 17.6°C, Humidity: 47.5%
Mon Feb 17 05:18:33 2025, Temperature: 19.6°C, Humidity: 49.6%
Mon Feb 17 05:18:38 2025, Temperature: 15.5°C, Humidity: 44.4%
Mon Feb 17 05:18:43 2025, Temperature: 17.3°C, Humidity: 41.6%
Mon Feb 17 05:18:48 2025, Temperature: 16.2°C, Humidity: 40.4%
Mon Feb 17 05:18:53 2025, Temperature: 17.2°C, Humidity: 51.8%
Mon Feb 17 05:18:58 2025, Temperature: 17.3°C, Humidity: 52.2%
Mon Feb 17 05:19:03 2025, Temperature: 16.6°C, Humidity: 50.8%
Mon Feb 17 05:19:08 2025, Temperature: 18.8°C, Humidity: 53.9%
Mon Feb 17 05:19:13 2025, Temperature: 24.6°C, Humidity: 44.5%
Mon Feb 17 05:19:18 2025, Temperature: 23.6°C, Humidity: 56.9%
Mon Feb 17 05:19:23 2025, Temperature: 21.3°C, Humidity: 42.9%
Mon Feb 17 05:19:28 2025, Temperature: 24.8°C, Humidity: 41.2%
Mon Feb 17 05:19:33 2025, Temperature: 24.7°C, Humidity: 40.1%
Mon Feb 17 05:19:38 2025, Temperature: 18.8°C, Humidity: 53.5%
Mon Feb 17 05:19:43 2025, Temperature: 22.0°C, Humidity: 57.3%
Mon Feb 17 05:19:48 2025, Temperature: 16.0°C, Humidity: 43.7%
Mon Feb 17 05:19:53 2025, Temperature: 17.8°C, Humidity: 51.7%
Mon Feb 17 05:19:58 2025, Temperature: 20.9°C, Humidity: 56.3%
Mon Feb 17 05:20:03 2025, Temperature: 15.4°C, Humidity: 54.0%
Mon Feb 17 05:20:08 2025, Temperature: 21.8°C, Humidity: 54.5%
Mon Feb 17 05:20:13 2025, Temperature: 20.7°C, Humidity: 45.7%
Mon Feb 17 05:20:18 2025, Temperature: 17.4°C, Humidity: 59.1%
Mon Feb 17 05:20:23 2025, Temperature: 24.0°C, Humidity: 41.9%
Mon Feb 17 05:20:28 2025, Temperature: 16.9°C, Humidity: 53.7%
Mon Feb 17 05:20:33 2025, Temperature: 17.0°C, Humidity: 45.0%
Mon Feb 17 05:20:38 2025, Temperature: 17.9°C, Humidity: 57.4%
Mon Feb 17 05:20:43 2025, Temperature: 16.8°C, Humidity: 45.0%
Mon Feb 17 05:20:48 2025, Temperature: 15.5°C, Humidity: 41.6%
Mon Feb 17 05:20:53 2025, Temperature: 24.0°C, Humidity: 57.2%
Mon Feb 17 05:20:58 2025, Temperature: 23.8°C, Humidity: 53.2%
Mon Feb 17 05:21:04 2025, Temperature: 22.6°C, Humidity: 43.2%
Mon Feb 17 05:21:09 2025, Temperature: 20.8°C, Humidity: 47.8%
Mon Feb 17 05:21:14 2025, Temperature: 16.1°C, Humidity: 52.3%
Mon Feb 17 05:21:19 2025, Temperature: 21.9°C, Humidity: 44.9%
Mon Feb 17 05:21:24 2025, Temperature: 17.4°C, Humidity: 52.9%
Mon Feb 17 05:21:29 2025, Temperature: 19.6°C, Humidity: 53.8%
Mon Feb 17 05:21:34 2025, Temperature: 19.9°C, Humidity: 58.4%
Mon Feb 17 05:21:39 2025, Temperature: 22.1°C, Humidity: 51.4%
Mon Feb 17 05:21:44 2025, Temperature: 22.7°C, Humidity: 55.4%
Mon Feb 17 05:21:49 2025, Temperature: 15.2°C, Humidity: 56.5%
Mon Feb 17 05:21:54 2025, Temperature: 21.5°C, Humidity: 42.8%
Mon Feb 17 05:21:59 2025, Temperature: 16.0°C, Humidity: 53.4%
Mon Feb 17 05:22:04 2025, Temperature: 18.7°C, Humidity: 49.0%
Mon Feb 17 05:22:09 2025, Temperature: 16.3°C, Humidity: 40.2%
Mon Feb 17 05:22:14 2025, Temperature: 16.6°C, Humidity: 51.9%
Mon Feb 17 05:22:19 2025, Temperature: 18.4°C, Humidity: 40.7%
Mon Feb 17 05:22:24 2025, Temperature: 24.5°C, Humidity: 58.0%
Mon Feb 17 05:22:29 2025, Temperature: 24.0°C, Humidity: 44.5%
Mon Feb 17 05:22:34 2025, Temperature: 21.9°C, Humidity: 58.6%
Mon Feb 17 05:22:39 2025, Temperature: 21.3°C, Humidity: 43.0%
Mon Feb 17 05:22:44 2025, Temperature: 16.8°C, Humidity: 59.8%
Mon Feb 17 05:22:49 2025, Temperature: 18.0°C, Humidity: 58.5%
Mon Feb 17 05:22:54 2025, Temperature: 23.4°C, Humidity: 46.7%
Mon Feb 17 05:22:59 2025, Temperature: 21.9°C, Humidity: 47.4%
Mon Feb 17 05:23:04 2025, Temperature: 17.8°C, Humidity: 53.3%
Mon Feb 17 05:23:09 2025, Temperature: 23.2°C, Humidity: 43.1%
Mon Feb 17 05:23:14 2025, Temperature: 17.9°C, Humidity: 43.4%
Mon Feb 17 05:23:19 2025, Temperature: 23.1°C, Humidity: 49.2%
Mon Feb 17 05:23:24 2025, Temperature: 21.2°C, Humidity: 45.9%
Mon Feb 17 05:23:29 2025, Temperature: 24.8°C, Humidity: 47.6%
Mon Feb 17 05:23:34 2025, Temperature: 15.7°C, Humidity: 43.9%
Mon Feb 17 05:23:39 2025, Temperature: 20.4°C, Humidity: 45.5%
Mon Feb 17 05:23:44 2025, Temperature: 20.9°C, Humidity: 44.4%
Mon Feb 17 05:23:49 2025, Temperature: 23.2°C, Humidity: 55.4%
Mon Feb 17 05:23:54 2025, Temperature: 24.7°C, Humidity: 57.1%
Mon Feb 17 05:23:59 2025, Temperature: 23.8°C, Humidity: 50.0%
Mon Feb 17 05:24:04 2025, Temperature: 17.4°C, Humidity: 56.8%
Mon Feb 17 05:24:09 2025, Temperature: 21.5°C, Humidity: 45.1%
Mon Feb 17 05:24:14 2025, Temperature: 18.2°C, Humidity: 45.9%
Mon Feb 17 05:24:19 2025, Temperature: 19.3°C, Humidity: 46.6%
Mon Feb 17 05:24:24 2025, Temperature: 22.0°C, Humidity: 50.7%
Mon Feb 17 05:24:29 2025, Temperature: 15.4°C, Humidity: 56.7%
Mon Feb 17 05:24:34 2025, Temperature: 15.4°C, Humidity: 59.5%
Mon Feb 17 05:24:39 2025, Temperature: 16.4°C, Humidity: 44.9%
Mon Feb 17 05:24:44 2025, Temperature: 22.6°C, Humidity: 41.9%
Mon Feb 17 05:24:49 2025, Temperature: 24.0°C, Humidity: 42.7%
Mon Feb 17 05:24:54 2025, Temperature: 23.3°C, Humidity: 45.3%
Mon Feb 17 05:24:59 2025, Temperature: 23.1°C, Humidity: 58.9%
Mon Feb 17 05:25:04 2025, Temperature: 18.3°C, Humidity: 44.9%
Mon Feb 17 05:25:09 2025, Temperature: 17.4°C, Humidity: 51.6%
Mon Feb 17 05:25:14 2025, Temperature: 18.1°C, Humidity: 45.9%
Mon Feb 17 05:25:19 2025, Temperature: 20.4°C, Humidity: 52.9%
Mon Feb 17 05:25:24 2025, Temperature: 20.4°C, Humidity: 55.3%
Mon Feb 17 05:25:29 2025, Temperature: 22.9°C, Humidity: 40.9%
Mon Feb 17 05:25:34 2025, Temperature: 22.2°C, Humidity: 40.1%
Mon Feb 17 05:25:39 2025, Temperature: 22.2°C, Humidity: 48.0%
Mon Feb 17 05:25:44 2025, Temperature: 20.9°C, Humidity: 45.8%
Mon Feb 17 05:25:49 2025, Temperature: 22.8°C, Humidity: 56.5%
Mon Feb 17 05:25:54 2025, Temperature: 15.7°C, Humidity: 53.4%
Mon Feb 17 05:25:59 2025, Temperature: 15.3°C, Humidity: 52.2%
Mon Feb 17 05:26:04 2025, Temperature: 19.0°C, Humidity: 47.9%
Mon Feb 17 05:26:09 2025, Temperature: 15.0°C, Humidity: 56.1%
Mon Feb 17 05:26:14 2025, Temperature: 17.6°C, Humidity: 40.7%
Mon Feb 17 05:26:19 2025, Temperature: 20.4°C, Humidity: 58.7%
Mon Feb 17 05:26:24 2025, Temperature: 22.9°C, Humidity: 44.4%
Mon Feb 17 05:26:29 2025, Temperature: 21.5°C, Humidity: 46.6%
Mon Feb 17 05:26:34 2025, Temperature: 17.3°C, Humidity: 48.2%
Mon Feb 17 05:26:39 2025, Temperature: 15.3°C, Humidity: 45.1%
Mon Feb 17 05:26:44 2025, Temperature: 20.3°C, Humidity: 57.3%
Mon Feb 17 05:26:49 2025, Temperature: 17.8°C, Humidity: 41.7%
Mon Feb 17 05:26:54 2025, Temperature: 15.2°C, Humidity: 49.3%
Mon Feb 17 05:26:59 2025, Temperature: 21.9°C, Humidity: 43.9%
Mon Feb 17 05:27:04 2025, Temperature: 21.7°C, Humidity: 48.1%
Mon Feb 17 05:27:09 2025, Temperature: 18.8°C, Humidity: 56.8%
Mon Feb 17 05:27:14 2025, Temperature: 16.5°C, Humidity: 52.5%
Mon Feb 17 05:27:19 2025, Temperature: 19.3°C, Humidity: 57.1%
Mon Feb 17 05:27:24 2025, Temperature: 20.7°C, Humidity: 55.1%
Mon Feb 17 05:27:29 2025, Temperature: 24.8°C, Humidity: 43.7%
Mon Feb 17 05:27:34 2025, Temperature: 20.6°C, Humidity: 42.1%
Mon Feb 17 05:27:39 2025, Temperature: 21.0°C, Humidity: 40.1%
Mon Feb 17 05:27:44 2025, Temperature: 18.4°C, Humidity: 47.3%
Mon Feb 17 05:27:49 2025, Temperature: 18.1°C, Humidity: 57.2%
Mon Feb 17 05:27:54 2025, Temperature: 21.4°C, Humidity: 44.5%
Mon Feb 17 05:27:59 2025, Temperature: 15.1°C, Humidity: 47.6%
Mon Feb 17 05:28:04 2025, Temperature: 21.1°C, Humidity: 54.6%
Mon Feb 17 05:28:09 2025, Temperature: 18.1°C, Humidity: 54.6%
Mon Feb 17 05:28:14 2025, Temperature: 16.9°C, Humidity: 51.9%
Mon Feb 17 05:28:19 2025, Temperature: 20.1°C, Humidity: 41.1%
Mon Feb 17 05:28:24 2025, Temperature: 18.6°C, Humidity: 57.6%
Mon Feb 17 05:28:29 2025, Temperature: 21.2°C, Humidity: 46.7%
Mon Feb 17 05:28:34 2025, Temperature: 18.3°C, Humidity: 51.7%
Mon Feb 17 05:28:39 2025, Temperature: 22.0°C, Humidity: 44.4%
Mon Feb 17 05:28:44 2025, Temperature: 16.6°C, Humidity: 44.9%
Mon Feb 17 05:28:49 2025, Temperature: 17.1°C, Humidity: 40.2%
Mon Feb 17 05:28:54 2025, Temperature: 17.8°C, Humidity: 41.4%
Mon Feb 17 05:28:59 2025, Temperature: 19.6°C, Humidity: 43.8%
Mon Feb 17 05:29:04 2025, Temperature: 22.8°C, Humidity: 57.0%
Mon Feb 17 05:29:09 2025, Temperature: 17.4°C, Humidity: 41.8%
Mon Feb 17 05:29:14 2025, Temperature: 22.6°C, Humidity: 56.7%
Mon Feb 17 05:29:19 2025, Temperature: 17.4°C, Humidity: 54.9%
Mon Feb 17 05:29:24 2025, Temperature: 19.2°C, Humidity: 58.9%
Mon Feb 17 05:29:29 2025, Temperature: 24.5°C, Humidity: 54.6%
Mon Feb 17 05:29:34 2025, Temperature: 20.0°C, Humidity: 46.3%
Mon Feb 17 05:29:39 2025, Temperature: 21.8°C, Humidity: 42.5%
Mon Feb 17 05:29:44 2025, Temperature: 16.8°C, Humidity: 52.7%
Mon Feb 17 05:29:49 2025, Temperature: 18.4°C, Humidity: 56.3%
Mon Feb 17 05:29:54 2025, Temperature: 16.4°C, Humidity: 57.4%
Mon Feb 17 05:29:59 2025, Temperature: 21.4°C, Humidity: 53.6%
Mon Feb 17 05:30:04 2025, Temperature: 19.6°C, Humidity: 54.2%
Mon Feb 17 05:30:09 2025, Temperature: 24.2°C, Humidity: 52.1%
Mon Feb 17 05:30:14 2025, Temperature: 15.9°C, Humidity: 56.7%
Mon Feb 17 05:30:19 2025, Temperature: 17.9°C, Humidity: 58.4%
Mon Feb 17 05:30:24 2025, Temperature: 16.1°C, Humidity: 51.8%
Mon Feb 17 05:30:29 2025, Temperature: 24.3°C, Humidity: 55.9%
Mon Feb 17 05:30:34 2025, Temperature: 22.3°C, Humidity: 53.1%
Mon Feb 17 05:30:39 2025, Temperature: 21.4°C, Humidity: 57.8%
Mon Feb 17 05:30:44 2025, Temperature: 19.9°C, Humidity: 57.5%
Mon Feb 17 05:30:49 2025, Temperature: 16.6°C, Humidity: 42.2%
Mon Feb 17 05:30:54 2025, Temperature: 20.3°C, Humidity: 41.6%
Mon Feb 17 05:30:59 2025, Temperature: 19.8°C, Humidity: 40.7%
Mon Feb 17 05:31:04 2025, Temperature: 23.2°C, Humidity: 43.1%
Mon Feb 17 05:31:09 2025, Temperature: 24.4°C, Humidity: 55.8%
Mon Feb 17 05:31:14 2025, Temperature: 17.2°C, Humidity: 56.8%
Mon Feb 17 05:31:19 2025, Temperature: 15.4°C, Humidity: 54.6%
Mon Feb 17 05:31:24 2025, Temperature: 21.7°C, Humidity: 42.8%
Mon Feb 17 05:31:29 2025, Temperature: 18.0°C, Humidity: 59.9%
Mon Feb 17 05:31:34 2025, Temperature: 21.7°C, Humidity: 42.3%
Mon Feb 17 05:31:39 2025, Temperature: 19.4°C, Humidity: 57.2%
Mon Feb 17 05:31:44 2025, Temperature: 19.3°C, Humidity: 54.5%
Mon Feb 17 05:31:49 2025, Temperature: 15.6°C, Humidity: 58.1%
Mon Feb 17 05:31:54 2025, Temperature: 23.1°C, Humidity: 58.6%
Mon Feb 17 05:31:59 2025, Temperature: 21.4°C, Humidity: 45.3%
Mon Feb 17 05:32:04 2025, Temperature: 22.9°C, Humidity: 41.0%
Mon Feb 17 05:32:09 2025, Temperature: 15.8°C, Humidity: 43.3%
Mon Feb 17 05:32:14 2025, Temperature: 23.8°C, Humidity: 59.4%
Mon Feb 17 05:32:19 2025, Temperature: 16.8°C, Humidity: 51.2%
Mon Feb 17 05:32:24 2025, Temperature: 24.7°C, Humidity: 45.5%
Mon Feb 17 05:32:29 2025, Temperature: 18.8°C, Humidity: 49.0%
Mon Feb 17 05:32:34 2025, Temperature: 22.6°C, Humidity: 57.5%
Mon Feb 17 05:32:39 2025, Temperature: 15.3°C, Humidity: 45.3%
Mon Feb 17 05:32:44 2025, Temperature: 22.5°C, Humidity: 56.2%
Mon Feb 17 05:32:49 2025, Temperature: 15.3°C, Humidity: 46.4%
Mon Feb 17 05:32:54 2025, Temperature: 21.3°C, Humidity: 54.7%
Mon Feb 17 05:32:59 2025, Temperature: 24.7°C, Humidity: 57.2%
Mon Feb 17 05:33:04 2025, Temperature: 19.1°C, Humidity: 47.5%
Mon Feb 17 05:33:09 2025, Temperature: 17.9°C, Humidity: 45.0%
Mon Feb 17 05:33:14 2025, Temperature: 21.9°C, Humidity: 44.8%
Mon Feb 17 05:33:19 2025, Temperature: 21.3°C, Humidity: 60.0%
Mon Feb 17 05:33:24 2025, Temperature: 20.3°C, Humidity: 43.2%
Mon Feb 17 05:33:29 2025, Temperature: 22.0°C, Humidity: 59.6%
Mon Feb 17 05:33:34 2025, Temperature: 20.1°C, Humidity: 52.0%
Mon Feb 17 05:33:39 2025, Temperature: 22.8°C, Humidity: 44.2%
Mon Feb 17 05:33:44 2025, Temperature: 20.2°C, Humidity: 52.5%
Mon Feb 17 05:33:49 2025, Temperature: 21.0°C, Humidity: 44.5%
Mon Feb 17 05:33:54 2025, Temperature: 24.4°C, Humidity: 43.8%
Mon Feb 17 05:33:59 2025, Temperature: 16.6°C, Humidity: 49.4%
Mon Feb 17 05:34:04 2025, Temperature: 16.7°C, Humidity: 53.3%
Mon Feb 17 05:34:09 2025, Temperature: 23.3°C, Humidity: 53.9%
Mon Feb 17 05:34:14 2025, Temperature: 24.5°C, Humidity: 42.2%
Mon Feb 17 05:34:19 2025, Temperature: 22.4°C, Humidity: 40.2%
Mon Feb 17 05:34:24 2025, Temperature: 23.4°C, Humidity: 55.4%
Mon Feb 17 05:34:29 2025, Temperature: 21.8°C, Humidity: 46.5%
Mon Feb 17 05:34:34 2025, Temperature: 16.8°C, Humidity: 42.7%
Mon Feb 17 05:34:39 2025, Temperature: 22.3°C, Humidity: 58.9%
Mon Feb 17 05:34:44 2025, Temperature: 16.7°C, Humidity: 41.9%
Mon Feb 17 05:34:49 2025, Temperature: 24.9°C, Humidity: 52.4%
Mon Feb 17 05:34:54 2025, Temperature: 20.2°C, Humidity: 40.2%
Mon Feb 17 05:34:59 2025, Temperature: 19.4°C, Humidity: 41.5%
Mon Feb 17 05:35:04 2025, Temperature: 20.2°C, Humidity: 54.3%
Mon Feb 17 05:35:09 2025, Temperature: 15.9°C, Humidity: 49.7%
Mon Feb 17 05:35:14 2025, Temperature: 16.1°C, Humidity: 52.2%
Mon Feb 17 05:35:19 2025, Temperature: 22.8°C, Humidity: 48.5%
Mon Feb 17 05:35:24 2025, Temperature: 22.1°C, Humidity: 50.7%
Mon Feb 17 05:35:29 2025, Temperature: 22.0°C, Humidity: 55.1%
Mon Feb 17 05:35:34 2025, Temperature: 20.7°C, Humidity: 44.6%
Mon Feb 17 05:35:39 2025, Temperature: 18.5°C, Humidity: 57.1%
Mon Feb 17 05:35:44 2025, Temperature: 20.3°C, Humidity: 54.9%
Mon Feb 17 05:35:49 2025, Temperature: 23.9°C, Humidity: 54.5%
Mon Feb 17 05:35:54 2025, Temperature: 20.7°C, Humidity: 53.6%
Mon Feb 17 05:35:59 2025, Temperature: 18.6°C, Humidity: 43.4%
Mon Feb 17 05:36:04 2025, Temperature: 18.8°C, Humidity: 50.8%
Mon Feb 17 05:36:09 2025, Temperature: 20.8°C, Humidity: 56.7%
Mon Feb 17 05:36:14 2025, Temperature: 24.5°C, Humidity: 60.0%
Mon Feb 17 05:36:19 2025, Temperature: 22.2°C, Humidity: 57.3%
Mon Feb 17 05:36:25 2025, Temperature: 20.4°C, Humidity: 48.0%
Mon Feb 17 05:36:30 2025, Temperature: 24.1°C, Humidity: 51.6%
Mon Feb 17 05:36:35 2025, Temperature: 17.6°C, Humidity: 46.8%
Mon Feb 17 05:36:40 2025, Temperature: 23.0°C, Humidity: 40.2%
Mon Feb 17 05:36:45 2025, Temperature: 20.1°C, Humidity: 49.4%
Mon Feb 17 05:36:50 2025, Temperature: 19.5°C, Humidity: 52.2%
Mon Feb 17 05:36:55 2025, Temperature: 15.3°C, Humidity: 43.1%
Mon Feb 17 05:37:00 2025, Temperature: 15.3°C, Humidity: 57.0%
Mon Feb 17 05:37:05 2025, Temperature: 20.2°C, Humidity: 44.7%
Mon Feb 17 05:37:10 2025, Temperature: 18.8°C, Humidity: 43.6%
Mon Feb 17 05:37:15 2025, Temperature: 19.9°C, Humidity: 56.1%
Mon Feb 17 05:37:20 2025, Temperature: 16.6°C, Humidity: 59.6%
Mon Feb 17 05:37:25 2025, Temperature: 23.3°C, Humidity: 46.5%
Mon Feb 17 05:37:30 2025, Temperature: 20.8°C, Humidity: 46.0%
Mon Feb 17 05:37:35 2025, Temperature: 17.7°C, Humidity: 57.0%
Mon Feb 17 05:37:40 2025, Temperature: 19.3°C, Humidity: 54.1%
Mon Feb 17 05:37:45 2025, Temperature: 18.7°C, Humidity: 42.4%
Mon Feb 17 05:37:50 2025, Temperature: 16.9°C, Humidity: 44.0%
Mon Feb 17 05:37:55 2025, Temperature: 22.0°C, Humidity: 56.6%
Mon Feb 17 05:38:00 2025, Temperature: 22.5°C, Humidity: 46.1%
Mon Feb 17 05:38:05 2025, Temperature: 19.0°C, Humidity: 50.2%
Mon Feb 17 05:38:10 2025, Temperature: 21.9°C, Humidity: 50.7%
Mon Feb 17 05:38:15 2025, Temperature: 20.8°C, Humidity: 48.5%
Mon Feb 17 05:38:20 2025, Temperature: 22.3°C, Humidity: 46.5%
Mon Feb 17 05:38:25 2025, Temperature: 20.1°C, Humidity: 45.0%
Mon Feb 17 05:38:30 2025, Temperature: 23.7°C, Humidity: 53.4%
Mon Feb 17 05:38:35 2025, Temperature: 20.8°C, Humidity: 41.3%
Mon Feb 17 05:38:40 2025, Temperature: 18.3°C, Humidity: 46.3%
Mon Feb 17 05:38:45 2025, Temperature: 24.1°C, Humidity: 44.0%
Mon Feb 17 05:38:50 2025, Temperature: 18.5°C, Humidity: 55.0%
Mon Feb 17 05:38:55 2025, Temperature: 23.4°C, Humidity: 43.2%
Mon Feb 17 05:39:00 2025, Temperature: 19.6°C, Humidity: 56.5%
Mon Feb 17 05:39:05 2025, Temperature: 23.3°C, Humidity: 42.2%
Mon Feb 17 05:39:10 2025, Temperature: 18.9°C, Humidity: 45.6%
Mon Feb 17 05:39:15 2025, Temperature: 22.6°C, Humidity: 56.5%
Mon Feb 17 05:39:20 2025, Temperature: 24.4°C, Humidity: 53.3%
Mon Feb 17 05:39:25 2025, Temperature: 20.0°C, Humidity: 57.5%
Mon Feb 17 05:39:30 2025, Temperature: 17.0°C, Humidity: 53.8%
Mon Feb 17 05:39:35 2025, Temperature: 23.6°C, Humidity: 45.1%
Mon Feb 17 05:39:40 2025, Temperature: 21.4°C, Humidity: 43.4%
Mon Feb 17 05:39:45 2025, Temperature: 18.5°C, Humidity: 40.1%
Mon Feb 17 05:39:50 2025, Temperature: 18.9°C, Humidity: 50.8%
Mon Feb 17 05:39:55 2025, Temperature: 15.8°C, Humidity: 46.2%
Mon Feb 17 05:40:00 2025, Temperature: 15.4°C, Humidity: 59.8%
Mon Feb 17 05:40:05 2025, Temperature: 18.5°C, Humidity: 40.7%
Mon Feb 17 05:40:10 2025, Temperature: 17.5°C, Humidity: 55.2%
Mon Feb 17 05:40:15 2025, Temperature: 17.1°C, Humidity: 50.4%
Mon Feb 17 05:40:20 2025, Temperature: 22.8°C, Humidity: 48.1%
Mon Feb 17 05:40:25 2025, Temperature: 21.3°C, Humidity: 44.5%
Mon Feb 17 05:40:30 2025, Temperature: 19.1°C, Humidity: 43.9%
Mon Feb 17 05:40:35 2025, Temperature: 23.1°C, Humidity: 56.2%
Mon Feb 17 05:40:40 2025, Temperature: 19.8°C, Humidity: 57.3%
Mon Feb 17 05:40:45 2025, Temperature: 16.0°C, Humidity: 46.4%
Mon Feb 17 05:40:50 2025, Temperature: 22.5°C, Humidity: 49.0%
Mon Feb 17 05:40:55 2025, Temperature: 24.9°C, Humidity: 50.0%
Mon Feb 17 05:41:00 2025, Temperature: 20.6°C, Humidity: 43.5%
Mon Feb 17 05:41:05 2025, Temperature: 15.2°C, Humidity: 40.4%
Mon Feb 17 05:41:10 2025, Temperature: 16.0°C, Humidity: 49.9%
Mon Feb 17 05:41:15 2025, Temperature: 24.3°C, Humidity: 47.8%
Mon Feb 17 05:41:20 2025, Temperature: 20.1°C, Humidity: 53.9%
Mon Feb 17 05:41:25 2025, Temperature: 22.4°C, Humidity: 51.4%
Mon Feb 17 05:41:30 2025, Temperature: 23.0°C, Humidity: 53.0%
Mon Feb 17 05:41:35 2025, Temperature: 20.1°C, Humidity: 40.5%
Mon Feb 17 05:41:40 2025, Temperature: 19.8°C, Humidity: 51.4%
Mon Feb 17 05:41:45 2025, Temperature: 18.8°C, Humidity: 57.3%
Mon Feb 17 05:41:50 2025, Temperature: 19.0°C, Humidity: 43.8%
Mon Feb 17 05:41:55 2025, Temperature: 15.2°C, Humidity: 40.9%
Mon Feb 17 05:42:00 2025, Temperature: 22.9°C, Humidity: 40.9%
Mon Feb 17 05:42:05 2025, Temperature: 20.0°C, Humidity: 45.7%
Mon Feb 17 05:42:10 2025, Temperature: 20.5°C, Humidity: 55.0%
Tue Feb 18 05:31:08 2025, Temperature: 21.1°C, Humidity: 47.8%
Tue Feb 18 05:31:13 2025, Temperature: 20.3°C, Humidity: 55.0%
Tue Feb 18 05:31:18 2025, Temperature: 23.9°C, Humidity: 59.4%
Tue Feb 18 05:31:23 2025, Temperature: 24.2°C, Humidity: 45.0%
Tue Feb 18 05:31:28 2025, Temperature: 16.9°C, Humidity: 54.6%
Mon Feb 17 21:31:34 2025, Temperature: 20.4°C, Humidity: 47.6%
Mon Feb 17 21:31:39 2025, Temperature: 23.0°C, Humidity: 47.9%
Mon Feb 17 21:31:44 2025, Temperature: 20.6°C, Humidity: 52.6%
Mon Feb 17 21:31:49 2025, Temperature: 16.8°C, Humidity: 59.5%
Mon Feb 17 21:31:54 2025, Temperature: 17.8°C, Humidity: 47.9%
Mon Feb 17 21:31:59 2025, Temperature: 15.5°C, Humidity: 46.7%
Mon Feb 17 21:32:04 2025, Temperature: 17.2°C, Humidity: 45.3%
Mon Feb 17 21:32:09 2025, Temperature: 18.1°C, Humidity: 45.8%
Mon Feb 17 21:32:14 2025, Temperature: 23.0°C, Humidity: 41.0%
Mon Feb 17 21:32:19 2025, Temperature: 23.9°C, Humidity: 46.2%
Mon Feb 17 21:32:24 2025, Temperature: 15.1°C, Humidity: 60.0%
Mon Feb 17 21:32:29 2025, Temperature: 23.6°C, Humidity: 53.0%
Mon Feb 17 21:32:34 2025, Temperature: 21.7°C, Humidity: 56.9%
Mon Feb 17 21:32:39 2025, Temperature: 21.7°C, Humidity: 52.2%
Mon Feb 17 21:32:44 2025, Temperature: 19.1°C, Humidity: 54.9%
Mon Feb 17 21:32:49 2025, Temperature: 21.6°C, Humidity: 46.4%
Mon Feb 17 21:32:54 2025, Temperature: 20.4°C, Humidity: 46.0%
Mon Feb 17 21:32:59 2025, Temperature: 23.8°C, Humidity: 49.0%
Mon Feb 17 21:33:04 2025, Temperature: 19.8°C, Humidity: 57.7%
Mon Feb 17 21:33:09 2025, Temperature: 18.3°C, Humidity: 47.9%
Mon Feb 17 21:33:14 2025, Temperature: 23.2°C, Humidity: 60.0%
Mon Feb 17 21:33:19 2025, Temperature: 19.0°C, Humidity: 51.2%
Mon Feb 17 21:33:24 2025, Temperature: 22.7°C, Humidity: 48.7%
Mon Feb 17 21:33:29 2025, Temperature: 23.4°C, Humidity: 50.8%
Mon Feb 17 21:33:34 2025, Temperature: 22.6°C, Humidity: 54.0%
Mon Feb 17 21:33:39 2025, Temperature: 18.7°C, Humidity: 58.6%
Mon Feb 17 21:33:44 2025, Temperature: 24.8°C, Humidity: 45.0%
Mon Feb 17 21:33:50 2025, Temperature: 17.3°C, Humidity: 57.2%
Mon Feb 17 21:33:55 2025, Temperature: 23.2°C, Humidity: 58.0%
Mon Feb 17 21:34:00 2025, Temperature: 19.8°C, Humidity: 40.3%
Mon Feb 17 21:34:05 2025, Temperature: 21.4°C, Humidity: 49.4%
Mon Feb 17 21:34:11 2025, Temperature: 20.3°C, Humidity: 40.1%
Mon Feb 17 21:34:17 2025, Temperature: 16.2°C, Humidity: 47.6%
Mon Feb 17 21:34:22 2025, Temperature: 16.9°C, Humidity: 58.9%
Mon Feb 17 21:34:28 2025, Temperature: 15.4°C, Humidity: 41.5%
Mon Feb 17 21:34:33 2025, Temperature: 22.2°C, Humidity: 59.8%
Mon Feb 17 21:34:41 2025, Temperature: 20.4°C, Humidity: 47.4%
Mon Feb 17 21:34:46 2025, Temperature: 23.5°C, Humidity: 49.0%
Mon Feb 17 21:34:51 2025, Temperature: 21.9°C, Humidity: 44.8%
Mon Feb 17 21:34:57 2025, Temperature: 23.4°C, Humidity: 59.4%
Mon Feb 17 21:35:02 2025, Temperature: 21.4°C, Humidity: 46.8%
Mon Feb 17 21:35:07 2025, Temperature: 21.3°C, Humidity: 57.7%
Mon Feb 17 21:35:12 2025, Temperature: 19.4°C, Humidity: 53.5%
Mon Feb 17 21:35:17 2025, Temperature: 18.2°C, Humidity: 40.5%
Mon Feb 17 21:35:22 2025, Temperature: 16.8°C, Humidity: 42.5%
Mon Feb 17 21:35:28 2025, Temperature: 15.1°C, Humidity: 53.6%
Mon Feb 17 21:35:33 2025, Temperature: 18.2°C, Humidity: 40.7%
Mon Feb 17 21:35:39 2025, Temperature: 15.6°C, Humidity: 44.5%
Mon Feb 17 21:35:44 2025, Temperature: 17.2°C, Humidity: 53.0%
Mon Feb 17 21:35:49 2025, Temperature: 24.1°C, Humidity: 41.9%
Mon Feb 17 21:35:54 2025, Temperature: 15.5°C, Humidity: 58.7%
Mon Feb 17 21:36:00 2025, Temperature: 15.0°C, Humidity: 48.3%
Mon Feb 17 21:36:05 2025, Temperature: 22.9°C, Humidity: 47.5%
Mon Feb 17 21:36:10 2025, Temperature: 16.5°C, Humidity: 51.4%
Mon Feb 17 21:36:15 2025, Temperature: 23.1°C, Humidity: 48.4%
Mon Feb 17 21:36:20 2025, Temperature: 22.6°C, Humidity: 41.0%
Mon Feb 17 21:36:26 2025, Temperature: 17.1°C, Humidity: 52.3%
Mon Feb 17 21:36:31 2025, Temperature: 17.6°C, Humidity: 55.8%
Mon Feb 17 21:36:36 2025, Temperature: 16.9°C, Humidity: 56.8%
Mon Feb 17 21:36:41 2025, Temperature: 22.6°C, Humidity: 46.0%
Mon Feb 17 21:36:46 2025, Temperature: 17.7°C, Humidity: 43.1%
Mon Feb 17 21:36:51 2025, Temperature: 22.3°C, Humidity: 54.0%
Mon Feb 17 21:36:56 2025, Temperature: 22.6°C, Humidity: 52.3%
Mon Feb 17 21:37:01 2025, Temperature: 22.2°C, Humidity: 47.0%
Mon Feb 17 21:37:06 2025, Temperature: 17.6°C, Humidity: 44.0%
Mon Feb 17 21:37:11 2025, Temperature: 18.3°C, Humidity: 55.0%
Mon Feb 17 21:37:16 2025, Temperature: 16.8°C, Humidity: 59.7%
Mon Feb 17 21:37:21 2025, Temperature: 20.0°C, Humidity: 42.2%
Mon Feb 17 21:37:26 2025, Temperature: 23.1°C, Humidity: 45.4%
Mon Feb 17 21:37:31 2025, Temperature: 22.8°C, Humidity: 46.8%
Mon Feb 17 21:37:36 2025, Temperature: 20.0°C, Humidity: 55.9%
Mon Feb 17 21:37:41 2025, Temperature: 15.7°C, Humidity: 41.6%
Mon Feb 17 21:37:46 2025, Temperature: 22.4°C, Humidity: 45.5%
Mon Feb 17 21:37:51 2025, Temperature: 24.1°C, Humidity: 41.4%
Mon Feb 17 21:37:56 2025, Temperature: 23.6°C, Humidity: 42.8%
Mon Feb 17 21:38:01 2025, Temperature: 19.4°C, Humidity: 47.7%
Mon Feb 17 21:38:06 2025, Temperature: 17.4°C, Humidity: 55.0%
Mon Feb 17 21:38:11 2025, Temperature: 17.4°C, Humidity: 51.2%
Mon Feb 17 21:38:16 2025, Temperature: 21.8°C, Humidity: 43.6%
Mon Feb 17 21:38:21 2025, Temperature: 16.2°C, Humidity: 43.1%
Mon Feb 17 21:38:26 2025, Temperature: 20.6°C, Humidity: 49.3%
Mon Feb 17 21:38:31 2025, Temperature: 15.9°C, Humidity: 48.8%
Mon Feb 17 21:38:36 2025, Temperature: 17.1°C, Humidity: 58.7%
Mon Feb 17 21:38:41 2025, Temperature: 15.8°C, Humidity: 48.5%
Mon Feb 17 21:38:46 2025, Temperature: 18.5°C, Humidity: 50.1%
Mon Feb 17 21:38:51 2025, Temperature: 17.7°C, Humidity: 42.4%
Mon Feb 17 21:38:56 2025, Temperature: 19.1°C, Humidity: 51.3%
Mon Feb 17 21:39:01 2025, Temperature: 24.1°C, Humidity: 53.7%
Mon Feb 17 21:39:06 2025, Temperature: 18.8°C, Humidity: 50.3%
Mon Feb 17 21:39:11 2025, Temperature: 20.0°C, Humidity: 40.9%
Mon Feb 17 21:39:16 2025, Temperature: 22.2°C, Humidity: 51.9%
Mon Feb 17 21:39:22 2025, Temperature: 17.1°C, Humidity: 49.9%
Mon Feb 17 21:39:27 2025, Temperature: 22.2°C, Humidity: 42.5%
Mon Feb 17 21:39:32 2025, Temperature: 24.0°C, Humidity: 42.6%
Mon Feb 17 21:39:37 2025, Temperature: 15.3°C, Humidity: 48.4%
Mon Feb 17 21:39:42 2025, Temperature: 18.8°C, Humidity: 43.3%
Mon Feb 17 21:39:47 2025, Temperature: 19.1°C, Humidity: 46.3%
Mon Feb 17 21:39:52 2025, Temperature: 17.5°C, Humidity: 44.9%
Mon Feb 17 21:39:57 2025, Temperature: 22.2°C, Humidity: 50.0%
Mon Feb 17 21:40:02 2025, Temperature: 20.1°C, Humidity: 48.5%
Mon Feb 17 21:40:07 2025, Temperature: 16.9°C, Humidity: 40.7%
Mon Feb 17 21:40:12 2025, Temperature: 23.8°C, Humidity: 41.6%
Mon Feb 17 21:40:17 2025, Temperature: 24.2°C, Humidity: 45.2%
Mon Feb 17 21:40:22 2025, Temperature: 20.1°C, Humidity: 45.1%
Mon Feb 17 21:40:27 2025, Temperature: 23.3°C, Humidity: 42.1%
Mon Feb 17 21:40:32 2025, Temperature: 19.7°C, Humidity: 49.9%
Mon Feb 17 21:40:37 2025, Temperature: 19.5°C, Humidity: 45.7%
Mon Feb 17 21:40:42 2025, Temperature: 15.2°C, Humidity: 40.1%
Mon Feb 17 21:40:47 2025, Temperature: 23.2°C, Humidity: 42.4%
Mon Feb 17 21:40:52 2025, Temperature: 23.6°C, Humidity: 51.3%
Mon Feb 17 21:40:57 2025, Temperature: 21.2°C, Humidity: 47.3%
Mon Feb 17 21:41:02 2025, Temperature: 23.1°C, Humidity: 49.1%
Mon Feb 17 21:41:07 2025, Temperature: 17.5°C, Humidity: 54.4%
Mon Feb 17 21:41:12 2025, Temperature: 22.0°C, Humidity: 55.3%
Mon Feb 17 21:41:17 2025, Temperature: 24.9°C, Humidity: 45.5%
Mon Feb 17 21:41:22 2025, Temperature: 22.2°C, Humidity: 44.8%
Mon Feb 17 21:41:27 2025, Temperature: 18.4°C, Humidity: 55.8%
Mon Feb 17 21:41:32 2025, Temperature: 19.4°C, Humidity: 44.1%
Mon Feb 17 21:41:37 2025, Temperature: 23.2°C, Humidity: 53.0%
Mon Feb 17 21:41:42 2025, Temperature: 15.1°C, Humidity: 52.4%
Mon Feb 17 21:41:47 2025, Temperature: 16.7°C, Humidity: 55.2%
Mon Feb 17 21:41:52 2025, Temperature: 15.7°C, Humidity: 53.8%
Mon Feb 17 21:41:57 2025, Temperature: 17.0°C, Humidity: 54.1%
Mon Feb 17 21:44:26 2025, Temperature: 24.7°C, Humidity: 42.6%
Mon Feb 17 21:44:31 2025, Temperature: 22.9°C, Humidity: 53.9%
Mon Feb 17 21:44:36 2025, Temperature: 21.5°C, Humidity: 46.8%
Mon Feb 17 21:44:41 2025, Temperature: 19.0°C, Humidity: 40.8%
Mon Feb 17 21:44:46 2025, Temperature: 20.2°C, Humidity: 49.0%
Mon Feb 17 21:44:51 2025, Temperature: 23.4°C, Humidity: 47.3%
Mon Feb 17 21:44:56 2025, Temperature: 16.7°C, Humidity: 49.7%
Mon Feb 17 21:45:01 2025, Temperature: 24.3°C, Humidity: 49.6%
Mon Feb 17 21:45:06 2025, Temperature: 23.5°C, Humidity: 48.4%
Mon Feb 17 21:45:11 2025, Temperature: 15.2°C, Humidity: 40.9%
Mon Feb 17 21:45:16 2025, Temperature: 16.1°C, Humidity: 41.3%
Mon Feb 17 21:45:21 2025, Temperature: 16.5°C, Humidity: 59.1%
Mon Feb 17 21:45:26 2025, Temperature: 17.5°C, Humidity: 41.7%
Mon Feb 17 21:45:31 2025, Temperature: 21.4°C, Humidity: 40.8%
Mon Feb 17 21:45:36 2025, Temperature: 17.0°C, Humidity: 59.1%
Mon Feb 17 21:45:41 2025, Temperature: 17.6°C, Humidity: 47.2%
Mon Feb 17 21:45:46 2025, Temperature: 17.5°C, Humidity: 58.1%
Mon Feb 17 21:45:51 2025, Temperature: 22.6°C, Humidity: 42.3%
Mon Feb 17 21:45:56 2025, Temperature: 17.1°C, Humidity: 44.8%
Mon Feb 17 21:46:01 2025, Temperature: 20.7°C, Humidity: 45.0%
Mon Feb 17 21:46:06 2025, Temperature: 21.9°C, Humidity: 43.5%
Mon Feb 17 21:46:11 2025, Temperature: 23.8°C, Humidity: 50.4%
Mon Feb 17 21:46:16 2025, Temperature: 15.2°C, Humidity: 51.9%
Mon Feb 17 21:46:21 2025, Temperature: 23.6°C, Humidity: 56.6%
Mon Feb 17 21:46:26 2025, Temperature: 16.7°C, Humidity: 60.0%
Mon Feb 17 21:46:32 2025, Temperature: 17.3°C, Humidity: 47.4%
Mon Feb 17 21:46:37 2025, Temperature: 19.6°C, Humidity: 42.2%
Mon Feb 17 21:46:42 2025, Temperature: 17.5°C, Humidity: 51.2%
Mon Feb 17 21:46:47 2025, Temperature: 15.1°C, Humidity: 53.6%
Mon Feb 17 21:46:52 2025, Temperature: 22.4°C, Humidity: 49.6%
Mon Feb 17 21:46:57 2025, Temperature: 20.0°C, Humidity: 48.2%
Mon Feb 17 21:47:02 2025, Temperature: 22.8°C, Humidity: 58.8%
Mon Feb 17 21:47:07 2025, Temperature: 15.3°C, Humidity: 57.8%
Mon Feb 17 21:47:12 2025, Temperature: 16.5°C, Humidity: 48.7%
Mon Feb 17 21:47:17 2025, Temperature: 16.6°C, Humidity: 57.8%
Mon Feb 17 21:47:22 2025, Temperature: 19.5°C, Humidity: 55.7%
Mon Feb 17 21:47:27 2025, Temperature: 20.2°C, Humidity: 44.1%
Mon Feb 17 21:47:32 2025, Temperature: 20.3°C, Humidity: 45.5%
Mon Feb 17 21:47:37 2025, Temperature: 22.3°C, Humidity: 57.7%
Mon Feb 17 21:47:42 2025, Temperature: 24.8°C, Humidity: 59.4%
Mon Feb 17 21:47:47 2025, Temperature: 23.6°C, Humidity: 56.3%
Mon Feb 17 21:47:52 2025, Temperature: 18.5°C, Humidity: 51.6%
Mon Feb 17 21:47:57 2025, Temperature: 25.0°C, Humidity: 42.2%
Mon Feb 17 21:48:02 2025, Temperature: 22.9°C, Humidity: 57.6%
Mon Feb 17 21:48:07 2025, Temperature: 24.3°C, Humidity: 51.4%
Mon Feb 17 21:48:12 2025, Temperature: 22.6°C, Humidity: 49.8%
Mon Feb 17 21:48:17 2025, Temperature: 24.8°C, Humidity: 49.3%
Mon Feb 17 21:48:22 2025, Temperature: 21.5°C, Humidity: 44.5%
Mon Feb 17 21:48:27 2025, Temperature: 17.1°C, Humidity: 48.4%
Mon Feb 17 21:48:32 2025, Temperature: 17.2°C, Humidity: 44.0%
Mon Feb 17 21:48:37 2025, Temperature: 16.0°C, Humidity: 44.1%
Mon Feb 17 21:48:42 2025, Temperature: 23.0°C, Humidity: 50.0%
Mon Feb 17 21:48:47 2025, Temperature: 20.2°C, Humidity: 42.4%
Mon Feb 17 21:48:52 2025, Temperature: 16.0°C, Humidity: 52.7%
Mon Feb 17 21:48:57 2025, Temperature: 16.8°C, Humidity: 46.6%
Mon Feb 17 21:49:02 2025, Temperature: 20.1°C, Humidity: 60.0%
Mon Feb 17 21:49:07 2025, Temperature: 15.2°C, Humidity: 51.3%
Mon Feb 17 21:49:12 2025, Temperature: 23.8°C, Humidity: 41.8%
Mon Feb 17 21:49:17 2025, Temperature: 22.0°C, Humidity: 45.9%
Mon Feb 17 21:49:22 2025, Temperature: 20.6°C, Humidity: 46.5%
Mon Feb 17 21:49:27 2025, Temperature: 16.2°C, Humidity: 41.1%
Mon Feb 17 21:49:32 2025, Temperature: 18.2°C, Humidity: 44.8%
Mon Feb 17 21:49:37 2025, Temperature: 19.5°C, Humidity: 41.8%
Mon Feb 17 21:49:42 2025, Temperature: 19.7°C, Humidity: 47.2%
Mon Feb 17 21:49:47 2025, Temperature: 20.8°C, Humidity: 47.3%
Mon Feb 17 21:49:52 2025, Temperature: 15.9°C, Humidity: 47.8%
Mon Feb 17 21:49:57 2025, Temperature: 18.3°C, Humidity: 48.3%
Mon Feb 17 21:50:02 2025, Temperature: 24.8°C, Humidity: 43.9%
Mon Feb 17 21:50:07 2025, Temperature: 21.9°C, Humidity: 47.3%
Mon Feb 17 21:50:12 2025, Temperature: 18.2°C, Humidity: 58.5%
Mon Feb 17 21:50:17 2025, Temperature: 17.8°C, Humidity: 44.4%
Mon Feb 17 21:50:22 2025, Temperature: 20.5°C, Humidity: 47.7%
Mon Feb 17 21:50:27 2025, Temperature: 15.6°C, Humidity: 58.3%
Mon Feb 17 21:50:32 2025, Temperature: 24.1°C, Humidity: 47.6%
Mon Feb 17 21:50:37 2025, Temperature: 15.9°C, Humidity: 60.0%
Mon Feb 17 21:50:42 2025, Temperature: 20.0°C, Humidity: 42.7%
Mon Feb 17 21:50:47 2025, Temperature: 17.5°C, Humidity: 44.4%
Mon Feb 17 21:50:52 2025, Temperature: 23.9°C, Humidity: 54.1%
Mon Feb 17 21:50:58 2025, Temperature: 16.5°C, Humidity: 59.8%
Mon Feb 17 21:51:03 2025, Temperature: 19.5°C, Humidity: 54.7%
Mon Feb 17 21:51:08 2025, Temperature: 16.1°C, Humidity: 59.6%
Mon Feb 17 21:51:13 2025, Temperature: 18.5°C, Humidity: 57.6%
Mon Feb 17 21:51:18 2025, Temperature: 15.6°C, Humidity: 56.2%
Mon Feb 17 21:51:23 2025, Temperature: 17.7°C, Humidity: 48.1%
Mon Feb 17 21:51:28 2025, Temperature: 20.5°C, Humidity: 44.8%
Mon Feb 17 21:51:33 2025, Temperature: 16.1°C, Humidity: 55.8%
Mon Feb 17 21:51:38 2025, Temperature: 21.4°C, Humidity: 58.9%
Mon Feb 17 21:51:43 2025, Temperature: 16.9°C, Humidity: 52.9%
Mon Feb 17 21:51:48 2025, Temperature: 15.5°C, Humidity: 49.5%
Mon Feb 17 21:51:53 2025, Temperature: 23.2°C, Humidity: 54.1%
Mon Feb 17 21:51:58 2025, Temperature: 18.3°C, Humidity: 52.5%
Mon Feb 17 21:52:03 2025, Temperature: 19.0°C, Humidity: 50.4%
Mon Feb 17 21:52:08 2025, Temperature: 15.5°C, Humidity: 54.6%
Mon Feb 17 21:52:13 2025, Temperature: 20.4°C, Humidity: 41.2%
Mon Feb 17 21:52:18 2025, Temperature: 22.1°C, Humidity: 46.0%
Mon Feb 17 21:52:23 2025, Temperature: 24.2°C, Humidity: 42.7%
Mon Feb 17 21:52:28 2025, Temperature: 15.6°C, Humidity: 53.7%
Mon Feb 17 21:52:33 2025, Temperature: 15.8°C, Humidity: 46.6%
Mon Feb 17 21:52:38 2025, Temperature: 23.6°C, Humidity: 46.1%
Mon Feb 17 21:52:43 2025, Temperature: 20.4°C, Humidity: 54.9%
Mon Feb 17 21:52:48 2025, Temperature: 19.1°C, Humidity: 40.8%
Mon Feb 17 21:52:53 2025, Temperature: 22.5°C, Humidity: 53.1%
Mon Feb 17 21:52:58 2025, Temperature: 24.7°C, Humidity: 47.2%
Mon Feb 17 21:53:03 2025, Temperature: 21.4°C, Humidity: 53.0%
Mon Feb 17 21:53:08 2025, Temperature: 18.3°C, Humidity: 52.2%
Mon Feb 17 21:53:13 2025, Temperature: 21.3°C, Humidity: 52.0%
Mon Feb 17 21:53:18 2025, Temperature: 22.6°C, Humidity: 53.9%
Mon Feb 17 21:53:23 2025, Temperature: 18.6°C, Humidity: 54.4%
Mon Feb 17 21:53:28 2025, Temperature: 20.9°C, Humidity: 59.5%
Mon Feb 17 21:53:33 2025, Temperature: 18.8°C, Humidity: 49.4%
Mon Feb 17 21:53:38 2025, Temperature: 15.8°C, Humidity: 41.9%
Mon Feb 17 21:53:43 2025, Temperature: 15.7°C, Humidity: 49.3%
Mon Feb 17 21:53:48 2025, Temperature: 16.7°C, Humidity: 43.3%
Mon Feb 17 21:53:53 2025, Temperature: 20.5°C, Humidity: 47.7%
Mon Feb 17 21:53:58 2025, Temperature: 15.6°C, Humidity: 50.8%
Mon Feb 17 21:54:03 2025, Temperature: 19.7°C, Humidity: 46.4%
Mon Feb 17 21:54:08 2025, Temperature: 17.5°C, Humidity: 55.5%
Mon Feb 17 21:54:13 2025, Temperature: 17.4°C, Humidity: 59.0%
Mon Feb 17 21:54:18 2025, Temperature: 17.5°C, Humidity: 50.2%
Mon Feb 17 21:54:23 2025, Temperature: 24.5°C, Humidity: 47.4%
Mon Feb 17 21:54:28 2025, Temperature: 18.9°C, Humidity: 46.8%
Mon Feb 17 21:54:33 2025, Temperature: 17.2°C, Humidity: 42.0%
Mon Feb 17 21:54:38 2025, Temperature: 18.1°C, Humidity: 54.1%
Mon Feb 17 21:54:43 2025, Temperature: 15.2°C, Humidity: 51.6%
Mon Feb 17 21:54:48 2025, Temperature: 23.1°C, Humidity: 59.1%
Mon Feb 17 21:54:53 2025, Temperature: 15.7°C, Humidity: 54.5%
Mon Feb 17 21:54:58 2025, Temperature: 16.3°C, Humidity: 54.3%
Mon Feb 17 21:55:03 2025, Temperature: 21.5°C, Humidity: 40.4%
Mon Feb 17 21:56:40 2025, Temperature: 22.9°C, Humidity: 40.2%
Mon Feb 17 21:56:45 2025, Temperature: 17.3°C, Humidity: 42.7%
Mon Feb 17 21:56:50 2025, Temperature: 22.1°C, Humidity: 54.9%
Mon Feb 17 21:56:55 2025, Temperature: 20.7°C, Humidity: 45.1%
Mon Feb 17 21:57:01 2025, Temperature: 22.9°C, Humidity: 57.0%
Mon Feb 17 21:57:13 2025, Temperature: 20.2°C, Humidity: 59.0%
Mon Feb 17 21:57:18 2025, Temperature: 23.7°C, Humidity: 47.7%
Mon Feb 17 21:57:23 2025, Temperature: 15.1°C, Humidity: 50.5%
Mon Feb 17 21:57:28 2025, Temperature: 22.6°C, Humidity: 56.4%
Mon Feb 17 21:57:33 2025, Temperature: 22.1°C, Humidity: 53.0%
Mon Feb 17 21:57:38 2025, Temperature: 21.7°C, Humidity: 57.7%
Mon Feb 17 21:57:43 2025, Temperature: 23.5°C, Humidity: 52.4%
Mon Feb 17 21:57:48 2025, Temperature: 17.2°C, Humidity: 44.9%
Mon Feb 17 21:57:53 2025, Temperature: 19.6°C, Humidity: 59.2%
Mon Feb 17 21:57:58 2025, Temperature: 19.6°C, Humidity: 42.4%
Mon Feb 17 21:58:03 2025, Temperature: 20.7°C, Humidity: 41.7%
Mon Feb 17 21:58:08 2025, Temperature: 23.1°C, Humidity: 45.5%
Mon Feb 17 21:58:13 2025, Temperature: 16.1°C, Humidity: 50.5%
Mon Feb 17 21:58:18 2025, Temperature: 15.9°C, Humidity: 50.7%
Mon Feb 17 21:58:23 2025, Temperature: 24.6°C, Humidity: 44.1%
Mon Feb 17 21:58:28 2025, Temperature: 19.8°C, Humidity: 59.6%
Mon Feb 17 21:58:33 2025, Temperature: 20.1°C, Humidity: 59.6%
Mon Feb 17 21:58:38 2025, Temperature: 16.4°C, Humidity: 47.6%
Mon Feb 17 21:58:43 2025, Temperature: 18.2°C, Humidity: 45.2%
Mon Feb 17 21:58:48 2025, Temperature: 21.3°C, Humidity: 49.5%
Mon Feb 17 21:58:53 2025, Temperature: 15.6°C, Humidity: 55.6%
Mon Feb 17 21:58:58 2025, Temperature: 21.4°C, Humidity: 56.7%
Mon Feb 17 21:59:03 2025, Temperature: 21.5°C, Humidity: 52.2%
Mon Feb 17 21:59:08 2025, Temperature: 18.6°C, Humidity: 48.8%
Mon Feb 17 21:59:13 2025, Temperature: 18.9°C, Humidity: 58.1%
Mon Feb 17 21:59:18 2025, Temperature: 18.3°C, Humidity: 50.1%
Mon Feb 17 21:59:23 2025, Temperature: 20.6°C, Humidity: 55.6%
Mon Feb 17 21:59:28 2025, Temperature: 24.2°C, Humidity: 52.1%
Mon Feb 17 21:59:33 2025, Temperature: 19.9°C, Humidity: 55.3%
Mon Feb 17 21:59:38 2025, Temperature: 19.0°C, Humidity: 52.6%
Mon Feb 17 21:59:43 2025, Temperature: 20.0°C, Humidity: 48.1%
Mon Feb 17 21:59:48 2025, Temperature: 23.8°C, Humidity: 55.9%
Mon Feb 17 21:59:53 2025, Temperature: 18.3°C, Humidity: 52.1%
Mon Feb 17 21:59:58 2025, Temperature: 17.8°C, Humidity: 40.0%
Mon Feb 17 22:00:03 2025, Temperature: 19.2°C, Humidity: 47.7%
Mon Feb 17 22:00:08 2025, Temperature: 20.9°C, Humidity: 41.3%
Mon Feb 17 22:00:13 2025, Temperature: 19.3°C, Humidity: 42.7%
Mon Feb 17 22:00:18 2025, Temperature: 15.9°C, Humidity: 47.2%
Mon Feb 17 22:00:23 2025, Temperature: 24.3°C, Humidity: 57.8%
Mon Feb 17 22:00:28 2025, Temperature: 17.2°C, Humidity: 57.5%
Mon Feb 17 22:00:33 2025, Temperature: 15.8°C, Humidity: 57.7%
Mon Feb 17 22:00:38 2025, Temperature: 16.2°C, Humidity: 49.0%
Mon Feb 17 22:00:43 2025, Temperature: 19.6°C, Humidity: 57.7%
Mon Feb 17 22:00:48 2025, Temperature: 16.3°C, Humidity: 49.2%
Mon Feb 17 22:00:53 2025, Temperature: 24.4°C, Humidity: 52.7%
Mon Feb 17 22:00:58 2025, Temperature: 16.9°C, Humidity: 57.2%
Mon Feb 17 22:01:03 2025, Temperature: 24.5°C, Humidity: 43.7%
Mon Feb 17 22:01:08 2025, Temperature: 17.3°C, Humidity: 50.7%
Mon Feb 17 22:01:13 2025, Temperature: 22.6°C, Humidity: 41.5%
Mon Feb 17 22:01:18 2025, Temperature: 19.9°C, Humidity: 53.8%
Mon Feb 17 22:01:23 2025, Temperature: 19.5°C, Humidity: 50.4%
Mon Feb 17 22:01:28 2025, Temperature: 15.8°C, Humidity: 49.2%
Mon Feb 17 22:01:33 2025, Temperature: 16.0°C, Humidity: 50.4%
Mon Feb 17 22:01:38 2025, Temperature: 21.1°C, Humidity: 48.4%
Mon Feb 17 22:01:43 2025, Temperature: 23.5°C, Humidity: 57.1%
Mon Feb 17 22:01:48 2025, Temperature: 19.1°C, Humidity: 50.6%
Mon Feb 17 22:01:53 2025, Temperature: 23.0°C, Humidity: 48.6%
Mon Feb 17 22:01:58 2025, Temperature: 21.8°C, Humidity: 46.9%
Mon Feb 17 22:02:03 2025, Temperature: 24.2°C, Humidity: 50.1%
Mon Feb 17 22:02:08 2025, Temperature: 16.2°C, Humidity: 42.8%
Mon Feb 17 22:02:13 2025, Temperature: 24.7°C, Humidity: 44.4%
Mon Feb 17 22:02:18 2025, Temperature: 24.7°C, Humidity: 55.2%
Mon Feb 17 22:02:23 2025, Temperature: 15.2°C, Humidity: 42.9%
Mon Feb 17 22:02:28 2025, Temperature: 18.2°C, Humidity: 57.6%
Mon Feb 17 22:02:33 2025, Temperature: 15.6°C, Humidity: 51.1%
Mon Feb 17 22:02:38 2025, Temperature: 22.7°C, Humidity: 52.0%
Mon Feb 17 22:02:43 2025, Temperature: 19.0°C, Humidity: 46.4%
Mon Feb 17 22:02:48 2025, Temperature: 19.2°C, Humidity: 54.0%
Mon Feb 17 22:02:53 2025, Temperature: 20.7°C, Humidity: 55.7%
Mon Feb 17 22:02:58 2025, Temperature: 17.5°C, Humidity: 45.1%
Mon Feb 17 22:03:03 2025, Temperature: 15.5°C, Humidity: 51.3%
Mon Feb 17 22:03:08 2025, Temperature: 23.1°C, Humidity: 47.8%
Mon Feb 17 22:03:13 2025, Temperature: 18.2°C, Humidity: 44.2%
Mon Feb 17 22:03:18 2025, Temperature: 21.6°C, Humidity: 59.1%
Mon Feb 17 22:03:23 2025, Temperature: 23.6°C, Humidity: 42.8%
Mon Feb 17 22:03:28 2025, Temperature: 19.8°C, Humidity: 44.9%
Mon Feb 17 22:03:33 2025, Temperature: 17.4°C, Humidity: 47.5%
Mon Feb 17 22:03:38 2025, Temperature: 24.0°C, Humidity: 55.1%
Mon Feb 17 22:03:43 2025, Temperature: 22.2°C, Humidity: 59.2%
Mon Feb 17 22:03:48 2025, Temperature: 16.6°C, Humidity: 41.9%
Mon Feb 17 22:03:53 2025, Temperature: 22.2°C, Humidity: 52.4%
Mon Feb 17 22:03:58 2025, Temperature: 18.0°C, Humidity: 48.2%
Mon Feb 17 22:04:03 2025, Temperature: 22.5°C, Humidity: 55.6%
Mon Feb 17 22:04:08 2025, Temperature: 23.3°C, Humidity: 44.7%
Mon Feb 17 22:04:13 2025, Temperature: 23.0°C, Humidity: 56.5%
Mon Feb 17 22:04:18 2025, Temperature: 22.1°C, Humidity: 55.1%
Mon Feb 17 22:04:23 2025, Temperature: 20.9°C, Humidity: 47.3%
Mon Feb 17 22:04:28 2025, Temperature: 20.4°C, Humidity: 56.5%
Mon Feb 17 22:04:33 2025, Temperature: 17.4°C, Humidity: 54.6%
Mon Feb 17 22:04:38 2025, Temperature: 15.6°C, Humidity: 53.8%
Mon Feb 17 22:04:43 2025, Temperature: 21.5°C, Humidity: 55.0%
Mon Feb 17 22:04:48 2025, Temperature: 23.9°C, Humidity: 55.1%
Mon Feb 17 22:04:53 2025, Temperature: 16.1°C, Humidity: 50.9%
Mon Feb 17 22:04:58 2025, Temperature: 22.0°C, Humidity: 49.3%
Mon Feb 17 22:05:03 2025, Temperature: 20.5°C, Humidity: 41.5%
Mon Feb 17 22:05:08 2025, Temperature: 19.6°C, Humidity: 43.2%
Mon Feb 17 22:05:13 2025, Temperature: 21.7°C, Humidity: 50.0%
Mon Feb 17 22:05:18 2025, Temperature: 15.6°C, Humidity: 45.4%
Mon Feb 17 22:05:23 2025, Temperature: 22.8°C, Humidity: 59.4%
Mon Feb 17 22:05:28 2025, Temperature: 23.3°C, Humidity: 55.4%
Mon Feb 17 22:05:33 2025, Temperature: 19.3°C, Humidity: 58.8%
Mon Feb 17 22:05:38 2025, Temperature: 25.0°C, Humidity: 51.1%
Mon Feb 17 22:05:43 2025, Temperature: 16.9°C, Humidity: 53.6%
Mon Feb 17 22:05:48 2025, Temperature: 21.4°C, Humidity: 51.0%
Mon Feb 17 22:05:53 2025, Temperature: 19.5°C, Humidity: 52.0%
Mon Feb 17 22:05:58 2025, Temperature: 19.9°C, Humidity: 55.2%
Mon Feb 17 22:06:03 2025, Temperature: 18.2°C, Humidity: 46.3%
Mon Feb 17 22:06:08 2025, Temperature: 19.5°C, Humidity: 49.4%
Mon Feb 17 22:06:13 2025, Temperature: 20.0°C, Humidity: 46.6%
Mon Feb 17 22:06:18 2025, Temperature: 20.2°C, Humidity: 49.9%
Mon Feb 17 22:06:23 2025, Temperature: 20.0°C, Humidity: 41.6%
Mon Feb 17 22:06:28 2025, Temperature: 23.0°C, Humidity: 45.1%
Mon Feb 17 22:06:33 2025, Temperature: 16.1°C, Humidity: 45.4%
Mon Feb 17 22:06:38 2025, Temperature: 22.3°C, Humidity: 41.3%
Mon Feb 17 22:06:43 2025, Temperature: 23.6°C, Humidity: 56.0%
Mon Feb 17 22:06:48 2025, Temperature: 24.8°C, Humidity: 40.6%
Mon Feb 17 22:06:53 2025, Temperature: 21.4°C, Humidity: 42.6%
Mon Feb 17 22:06:58 2025, Temperature: 15.4°C, Humidity: 53.5%
Mon Feb 17 22:07:03 2025, Temperature: 18.1°C, Humidity: 46.8%
Mon Feb 17 22:07:08 2025, Temperature: 17.3°C, Humidity: 59.1%
Mon Feb 17 22:07:13 2025, Temperature: 21.0°C, Humidity: 48.4%
Mon Feb 17 22:07:18 2025, Temperature: 21.2°C, Humidity: 56.9%
Mon Feb 17 22:07:23 2025, Temperature: 16.5°C, Humidity: 48.4%
Mon Feb 17 22:07:28 2025, Temperature: 18.6°C, Humidity: 51.7%
Mon Feb 17 22:07:33 2025, Temperature: 15.2°C, Humidity: 45.8%
Mon Feb 17 22:07:38 2025, Temperature: 15.8°C, Humidity: 58.0%
Mon Feb 17 22:07:43 2025, Temperature: 22.6°C, Humidity: 43.1%
Mon Feb 17 22:07:48 2025, Temperature: 15.5°C, Humidity: 43.2%
Mon Feb 17 22:07:53 2025, Temperature: 20.0°C, Humidity: 56.6%
Mon Feb 17 22:07:58 2025, Temperature: 17.6°C, Humidity: 42.8%
Mon Feb 17 22:08:03 2025, Temperature: 17.4°C, Humidity: 54.8%
Mon Feb 17 22:08:08 2025, Temperature: 20.3°C, Humidity: 41.3%
Mon Feb 17 22:08:13 2025, Temperature: 23.7°C, Humidity: 59.5%
Mon Feb 17 22:08:18 2025, Temperature: 15.9°C, Humidity: 46.8%
Mon Feb 17 22:08:23 2025, Temperature: 22.3°C, Humidity: 52.1%
Mon Feb 17 22:08:28 2025, Temperature: 18.4°C, Humidity: 59.9%
Mon Feb 17 22:08:33 2025, Temperature: 23.5°C, Humidity: 52.8%
Mon Feb 17 22:08:38 2025, Temperature: 22.1°C, Humidity: 44.6%
Mon Feb 17 22:08:43 2025, Temperature: 24.2°C, Humidity: 53.1%
Mon Feb 17 22:08:48 2025, Temperature: 18.1°C, Humidity: 56.8%
Mon Feb 17 22:08:53 2025, Temperature: 18.7°C, Humidity: 49.3%
Mon Feb 17 22:08:58 2025, Temperature: 15.5°C, Humidity: 46.2%
Mon Feb 17 22:09:03 2025, Temperature: 22.3°C, Humidity: 49.1%
Mon Feb 17 22:09:08 2025, Temperature: 17.9°C, Humidity: 51.8%
Mon Feb 17 22:09:13 2025, Temperature: 22.4°C, Humidity: 58.2%
Mon Feb 17 22:09:18 2025, Temperature: 23.3°C, Humidity: 52.8%
Mon Feb 17 22:09:23 2025, Temperature: 18.9°C, Humidity: 47.0%
Mon Feb 17 22:09:28 2025, Temperature: 19.4°C, Humidity: 57.8%
Mon Feb 17 22:09:33 2025, Temperature: 16.0°C, Humidity: 52.0%
Mon Feb 17 22:09:38 2025, Temperature: 18.0°C, Humidity: 51.7%
Mon Feb 17 22:09:43 2025, Temperature: 23.2°C, Humidity: 41.5%
Mon Feb 17 22:09:48 2025, Temperature: 23.2°C, Humidity: 50.4%
Mon Feb 17 22:09:53 2025, Temperature: 19.0°C, Humidity: 52.8%
Mon Feb 17 22:09:58 2025, Temperature: 19.0°C, Humidity: 51.8%
Mon Feb 17 22:10:03 2025, Temperature: 22.5°C, Humidity: 40.6%
Mon Feb 17 22:10:08 2025, Temperature: 22.5°C, Humidity: 54.9%
Mon Feb 17 22:10:13 2025, Temperature: 18.9°C, Humidity: 46.1%
Mon Feb 17 22:10:18 2025, Temperature: 19.6°C, Humidity: 54.8%
Mon Feb 17 22:10:23 2025, Temperature: 20.0°C, Humidity: 46.1%
Mon Feb 17 22:10:29 2025, Temperature: 23.0°C, Humidity: 43.2%
Mon Feb 17 22:10:34 2025, Temperature: 21.0°C, Humidity: 54.8%
Mon Feb 17 22:10:39 2025, Temperature: 22.7°C, Humidity: 48.3%
Mon Feb 17 22:10:44 2025, Temperature: 16.2°C, Humidity: 52.8%
Mon Feb 17 22:10:49 2025, Temperature: 16.3°C, Humidity: 57.1%
Mon Feb 17 22:10:54 2025, Temperature: 23.7°C, Humidity: 55.5%
Mon Feb 17 22:10:59 2025, Temperature: 17.1°C, Humidity: 55.4%
Mon Feb 17 22:11:04 2025, Temperature: 15.4°C, Humidity: 54.8%
Mon Feb 17 22:11:09 2025, Temperature: 22.1°C, Humidity: 52.6%
Mon Feb 17 22:11:14 2025, Temperature: 23.8°C, Humidity: 40.4%
Mon Feb 17 22:11:19 2025, Temperature: 18.2°C, Humidity: 44.6%
Mon Feb 17 22:11:24 2025, Temperature: 17.3°C, Humidity: 53.7%
Mon Feb 17 22:11:29 2025, Temperature: 22.4°C, Humidity: 58.8%
Mon Feb 17 22:11:34 2025, Temperature: 22.4°C, Humidity: 51.2%
Mon Feb 17 22:11:39 2025, Temperature: 24.3°C, Humidity: 54.6%
Mon Feb 17 22:11:44 2025, Temperature: 18.9°C, Humidity: 42.4%
Mon Feb 17 22:11:49 2025, Temperature: 24.7°C, Humidity: 57.1%
Mon Feb 17 22:11:54 2025, Temperature: 18.6°C, Humidity: 40.9%
Mon Feb 17 22:11:59 2025, Temperature: 24.6°C, Humidity: 55.5%
Mon Feb 17 22:12:04 2025, Temperature: 19.9°C, Humidity: 47.7%
Mon Feb 17 22:12:09 2025, Temperature: 22.2°C, Humidity: 41.9%
Mon Feb 17 22:12:14 2025, Temperature: 19.4°C, Humidity: 44.8%
Mon Feb 17 22:12:19 2025, Temperature: 22.0°C, Humidity: 44.2%
Mon Feb 17 22:12:24 2025, Temperature: 17.2°C, Humidity: 41.6%
Mon Feb 17 22:12:29 2025, Temperature: 24.4°C, Humidity: 47.0%
Mon Feb 17 22:12:34 2025, Temperature: 18.0°C, Humidity: 52.2%
Mon Feb 17 22:12:39 2025, Temperature: 19.1°C, Humidity: 40.1%
Mon Feb 17 22:12:44 2025, Temperature: 18.6°C, Humidity: 58.1%
Mon Feb 17 22:12:49 2025, Temperature: 20.6°C, Humidity: 45.2%
Mon Feb 17 22:12:54 2025, Temperature: 20.4°C, Humidity: 46.6%
Mon Feb 17 22:12:59 2025, Temperature: 15.7°C, Humidity: 51.3%
Mon Feb 17 22:13:04 2025, Temperature: 16.3°C, Humidity: 46.3%
Mon Feb 17 22:13:09 2025, Temperature: 22.8°C, Humidity: 59.8%
Mon Feb 17 22:13:14 2025, Temperature: 21.5°C, Humidity: 42.6%
Mon Feb 17 22:13:19 2025, Temperature: 15.5°C, Humidity: 48.0%
Mon Feb 17 22:13:24 2025, Temperature: 17.2°C, Humidity: 55.9%
Mon Feb 17 22:13:29 2025, Temperature: 20.5°C, Humidity: 57.7%
Mon Feb 17 22:13:34 2025, Temperature: 21.6°C, Humidity: 58.3%
Mon Feb 17 22:13:39 2025, Temperature: 22.1°C, Humidity: 41.3%
Mon Feb 17 22:13:44 2025, Temperature: 15.0°C, Humidity: 40.8%
Mon Feb 17 22:13:49 2025, Temperature: 23.0°C, Humidity: 46.3%
Mon Feb 17 22:13:54 2025, Temperature: 16.9°C, Humidity: 59.9%
Mon Feb 17 22:13:59 2025, Temperature: 22.3°C, Humidity: 49.9%
Mon Feb 17 22:14:04 2025, Temperature: 15.0°C, Humidity: 41.7%
Mon Feb 17 22:14:09 2025, Temperature: 19.5°C, Humidity: 44.3%
Mon Feb 17 22:14:14 2025, Temperature: 24.6°C, Humidity: 47.1%
Mon Feb 17 22:14:19 2025, Temperature: 18.7°C, Humidity: 40.4%
Mon Feb 17 22:14:24 2025, Temperature: 19.9°C, Humidity: 44.1%
Mon Feb 17 22:14:29 2025, Temperature: 17.4°C, Humidity: 58.7%
Mon Feb 17 22:14:34 2025, Temperature: 22.1°C, Humidity: 52.8%
Mon Feb 17 22:14:39 2025, Temperature: 24.1°C, Humidity: 49.9%
Mon Feb 17 22:14:44 2025, Temperature: 20.5°C, Humidity: 52.4%
Mon Feb 17 22:14:49 2025, Temperature: 17.5°C, Humidity: 53.5%
Mon Feb 17 22:14:54 2025, Temperature: 15.3°C, Humidity: 46.0%
Mon Feb 17 22:14:59 2025, Temperature: 19.3°C, Humidity: 49.7%
Mon Feb 17 22:15:04 2025, Temperature: 23.3°C, Humidity: 47.0%
Mon Feb 17 22:15:09 2025, Temperature: 20.5°C, Humidity: 46.5%
Mon Feb 17 22:15:14 2025, Temperature: 20.0°C, Humidity: 56.2%
Mon Feb 17 22:15:19 2025, Temperature: 19.5°C, Humidity: 56.3%
Mon Feb 17 22:15:24 2025, Temperature: 18.9°C, Humidity: 51.7%
Mon Feb 17 22:15:29 2025, Temperature: 18.2°C, Humidity: 48.7%
Mon Feb 17 22:15:34 2025, Temperature: 24.5°C, Humidity: 59.5%
Mon Feb 17 22:15:39 2025, Temperature: 16.2°C, Humidity: 50.3%
Mon Feb 17 22:15:44 2025, Temperature: 22.4°C, Humidity: 53.3%
Mon Feb 17 22:15:49 2025, Temperature: 19.5°C, Humidity: 54.3%
Mon Feb 17 22:15:54 2025, Temperature: 24.1°C, Humidity: 57.1%
Mon Feb 17 22:15:59 2025, Temperature: 17.4°C, Humidity: 49.5%
Mon Feb 17 22:16:04 2025, Temperature: 20.1°C, Humidity: 45.0%
Mon Feb 17 22:16:09 2025, Temperature: 17.7°C, Humidity: 57.3%
Mon Feb 17 22:16:14 2025, Temperature: 21.2°C, Humidity: 48.2%
Mon Feb 17 22:16:19 2025, Temperature: 18.2°C, Humidity: 56.6%
Mon Feb 17 22:16:24 2025, Temperature: 22.9°C, Humidity: 56.7%
Mon Feb 17 22:16:29 2025, Temperature: 19.3°C, Humidity: 44.9%
Mon Feb 17 22:16:34 2025, Temperature: 17.7°C, Humidity: 59.5%
Mon Feb 17 22:16:39 2025, Temperature: 23.2°C, Humidity: 52.8%
Mon Feb 17 22:16:44 2025, Temperature: 24.2°C, Humidity: 48.8%
Mon Feb 17 22:16:49 2025, Temperature: 15.6°C, Humidity: 47.5%
Mon Feb 17 22:16:54 2025, Temperature: 24.3°C, Humidity: 42.9%
Mon Feb 17 22:16:59 2025, Temperature: 16.9°C, Humidity: 42.0%
Mon Feb 17 22:17:04 2025, Temperature: 24.7°C, Humidity: 44.6%
Mon Feb 17 22:17:09 2025, Temperature: 17.2°C, Humidity: 44.5%
Mon Feb 17 22:17:14 2025, Temperature: 22.8°C, Humidity: 57.6%
Mon Feb 17 22:17:19 2025, Temperature: 22.0°C, Humidity: 49.2%
Mon Feb 17 22:17:24 2025, Temperature: 18.1°C, Humidity: 55.0%
Mon Feb 17 22:17:29 2025, Temperature: 21.0°C, Humidity: 55.6%
Mon Feb 17 22:17:34 2025, Temperature: 19.7°C, Humidity: 43.2%
Mon Feb 17 22:17:39 2025, Temperature: 20.8°C, Humidity: 53.8%
Mon Feb 17 22:17:44 2025, Temperature: 20.4°C, Humidity: 46.0%
Mon Feb 17 22:17:49 2025, Temperature: 24.4°C, Humidity: 47.7%
Mon Feb 17 22:17:54 2025, Temperature: 20.3°C, Humidity: 40.3%
Mon Feb 17 22:17:59 2025, Temperature: 19.7°C, Humidity: 50.9%
Mon Feb 17 22:18:04 2025, Temperature: 19.8°C, Humidity: 51.0%
